{"C:\\Users\\Tringapps-User27\\Documents\\GitHub\\fraxioned_ui\\src\\App.tsx": {"path":"C:\\Users\\Tringapps-User27\\Documents\\GitHub\\fraxioned_ui\\src\\App.tsx","statementMap":{"0":{"start":{"line":33,"column":44},"end":{"line":36,"column":1}},"1":{"start":{"line":34,"column":16},"end":{"line":34,"column":45}},"2":{"start":{"line":35,"column":2},"end":{"line":35,"column":59}},"3":{"start":{"line":38,"column":16},"end":{"line":79,"column":1}},"4":{"start":{"line":39,"column":2},"end":{"line":78,"column":3}}},"fnMap":{"0":{"name":"(anonymous_0)","decl":{"start":{"line":33,"column":44},"end":{"line":33,"column":45}},"loc":{"start":{"line":33,"column":70},"end":{"line":36,"column":1}},"line":33},"1":{"name":"(anonymous_1)","decl":{"start":{"line":38,"column":16},"end":{"line":38,"column":17}},"loc":{"start":{"line":38,"column":22},"end":{"line":79,"column":1}},"line":38},"2":{"name":"(anonymous_2)","decl":{"start":{"line":54,"column":25},"end":{"line":54,"column":26}},"loc":{"start":{"line":54,"column":31},"end":{"line":56,"column":17}},"line":54}},"branchMap":{"0":{"loc":{"start":{"line":35,"column":9},"end":{"line":35,"column":59}},"type":"cond-expr","locations":[{"start":{"line":35,"column":17},"end":{"line":35,"column":28}},{"start":{"line":35,"column":31},"end":{"line":35,"column":59}}],"line":35}},"s":{"0":0,"1":0,"2":0,"3":0,"4":0},"f":{"0":0,"1":0,"2":0},"b":{"0":[0,0]}}
,"C:\\Users\\Tringapps-User27\\Documents\\GitHub\\fraxioned_ui\\src\\ProtectedRoute.js": {"path":"C:\\Users\\Tringapps-User27\\Documents\\GitHub\\fraxioned_ui\\src\\ProtectedRoute.js","statementMap":{"0":{"start":{"line":7,"column":23},"end":{"line":12,"column":1}},"1":{"start":{"line":8,"column":2},"end":{"line":10,"column":3}},"2":{"start":{"line":9,"column":4},"end":{"line":9,"column":35}},"3":{"start":{"line":11,"column":2},"end":{"line":11,"column":47}}},"fnMap":{"0":{"name":"(anonymous_0)","decl":{"start":{"line":7,"column":23},"end":{"line":7,"column":24}},"loc":{"start":{"line":7,"column":50},"end":{"line":12,"column":1}},"line":7}},"branchMap":{"0":{"loc":{"start":{"line":8,"column":2},"end":{"line":10,"column":3}},"type":"if","locations":[{"start":{"line":8,"column":2},"end":{"line":10,"column":3}},{"start":{},"end":{}}],"line":8}},"s":{"0":0,"1":0,"2":0,"3":0},"f":{"0":0},"b":{"0":[0,0]}}
,"C:\\Users\\Tringapps-User27\\Documents\\GitHub\\fraxioned_ui\\src\\authService.ts": {"path":"C:\\Users\\Tringapps-User27\\Documents\\GitHub\\fraxioned_ui\\src\\authService.ts","statementMap":{"0":{"start":{"line":1,"column":31},"end":{"line":10,"column":1}},"1":{"start":{"line":2,"column":19},"end":{"line":2,"column":51}},"2":{"start":{"line":3,"column":16},"end":{"line":3,"column":45}},"3":{"start":{"line":4,"column":20},"end":{"line":4,"column":53}},"4":{"start":{"line":5,"column":2},"end":{"line":5,"column":23}},"5":{"start":{"line":6,"column":2},"end":{"line":6,"column":20}},"6":{"start":{"line":7,"column":2},"end":{"line":7,"column":24}},"7":{"start":{"line":9,"column":2},"end":{"line":9,"column":39}}},"fnMap":{"0":{"name":"(anonymous_0)","decl":{"start":{"line":1,"column":31},"end":{"line":1,"column":32}},"loc":{"start":{"line":1,"column":37},"end":{"line":10,"column":1}},"line":1}},"branchMap":{"0":{"loc":{"start":{"line":9,"column":9},"end":{"line":9,"column":39}},"type":"binary-expr","locations":[{"start":{"line":9,"column":9},"end":{"line":9,"column":17}},{"start":{"line":9,"column":21},"end":{"line":9,"column":26}},{"start":{"line":9,"column":30},"end":{"line":9,"column":39}}],"line":9}},"s":{"0":0,"1":0,"2":0,"3":0,"4":0,"5":0,"6":0,"7":0},"f":{"0":0},"b":{"0":[0,0,0]}}
,"C:\\Users\\Tringapps-User27\\Documents\\GitHub\\fraxioned_ui\\src\\index.tsx": {"path":"C:\\Users\\Tringapps-User27\\Documents\\GitHub\\fraxioned_ui\\src\\index.tsx","statementMap":{"0":{"start":{"line":8,"column":15},"end":{"line":8,"column":30}},"1":{"start":{"line":10,"column":0},"end":{"line":19,"column":1}}},"fnMap":{},"branchMap":{},"s":{"0":0,"1":0},"f":{},"b":{}}
,"C:\\Users\\Tringapps-User27\\Documents\\GitHub\\fraxioned_ui\\src\\reportWebVitals.ts": {"path":"C:\\Users\\Tringapps-User27\\Documents\\GitHub\\fraxioned_ui\\src\\reportWebVitals.ts","statementMap":{"0":{"start":{"line":3,"column":24},"end":{"line":13,"column":1}},"1":{"start":{"line":4,"column":2},"end":{"line":12,"column":3}},"2":{"start":{"line":5,"column":4},"end":{"line":11,"column":6}},"3":{"start":{"line":6,"column":6},"end":{"line":6,"column":25}},"4":{"start":{"line":7,"column":6},"end":{"line":7,"column":25}},"5":{"start":{"line":8,"column":6},"end":{"line":8,"column":25}},"6":{"start":{"line":9,"column":6},"end":{"line":9,"column":25}},"7":{"start":{"line":10,"column":6},"end":{"line":10,"column":26}}},"fnMap":{"0":{"name":"(anonymous_0)","decl":{"start":{"line":3,"column":24},"end":{"line":3,"column":25}},"loc":{"start":{"line":3,"column":57},"end":{"line":13,"column":1}},"line":3},"1":{"name":"(anonymous_1)","decl":{"start":{"line":5,"column":30},"end":{"line":5,"column":31}},"loc":{"start":{"line":5,"column":79},"end":{"line":11,"column":5}},"line":5}},"branchMap":{"0":{"loc":{"start":{"line":4,"column":2},"end":{"line":12,"column":3}},"type":"if","locations":[{"start":{"line":4,"column":2},"end":{"line":12,"column":3}},{"start":{},"end":{}}],"line":4},"1":{"loc":{"start":{"line":4,"column":6},"end":{"line":4,"column":52}},"type":"binary-expr","locations":[{"start":{"line":4,"column":6},"end":{"line":4,"column":17}},{"start":{"line":4,"column":21},"end":{"line":4,"column":52}}],"line":4}},"s":{"0":0,"1":0,"2":0,"3":0,"4":0,"5":0,"6":0,"7":0},"f":{"0":0,"1":0},"b":{"0":[0,0],"1":[0,0]}}
,"C:\\Users\\Tringapps-User27\\Documents\\GitHub\\fraxioned_ui\\src\\Api\\ContactUs.ts": {"path":"C:\\Users\\Tringapps-User27\\Documents\\GitHub\\fraxioned_ui\\src\\Api\\ContactUs.ts","statementMap":{"0":{"start":{"line":6,"column":34},"end":{"line":13,"column":1}},"1":{"start":{"line":7,"column":2},"end":{"line":12,"column":3}},"2":{"start":{"line":8,"column":21},"end":{"line":8,"column":70}},"3":{"start":{"line":9,"column":4},"end":{"line":9,"column":24}},"4":{"start":{"line":11,"column":4},"end":{"line":11,"column":15}}},"fnMap":{"0":{"name":"(anonymous_0)","decl":{"start":{"line":6,"column":34},"end":{"line":6,"column":35}},"loc":{"start":{"line":6,"column":69},"end":{"line":13,"column":1}},"line":6}},"branchMap":{},"s":{"0":0,"1":0,"2":0,"3":0,"4":0},"f":{"0":0},"b":{}}
,"C:\\Users\\Tringapps-User27\\Documents\\GitHub\\fraxioned_ui\\src\\Api\\Forgot.ts": {"path":"C:\\Users\\Tringapps-User27\\Documents\\GitHub\\fraxioned_ui\\src\\Api\\Forgot.ts","statementMap":{"0":{"start":{"line":5,"column":30},"end":{"line":15,"column":1}},"1":{"start":{"line":6,"column":2},"end":{"line":14,"column":3}},"2":{"start":{"line":7,"column":21},"end":{"line":10,"column":5}},"3":{"start":{"line":11,"column":4},"end":{"line":11,"column":19}},"4":{"start":{"line":13,"column":4},"end":{"line":13,"column":15}}},"fnMap":{"0":{"name":"(anonymous_0)","decl":{"start":{"line":5,"column":30},"end":{"line":5,"column":31}},"loc":{"start":{"line":5,"column":65},"end":{"line":15,"column":1}},"line":5}},"branchMap":{},"s":{"0":0,"1":0,"2":0,"3":0,"4":0},"f":{"0":0},"b":{}}
,"C:\\Users\\Tringapps-User27\\Documents\\GitHub\\fraxioned_ui\\src\\Api\\Login.ts": {"path":"C:\\Users\\Tringapps-User27\\Documents\\GitHub\\fraxioned_ui\\src\\Api\\Login.ts","statementMap":{"0":{"start":{"line":5,"column":21},"end":{"line":12,"column":1}},"1":{"start":{"line":6,"column":2},"end":{"line":11,"column":3}},"2":{"start":{"line":7,"column":21},"end":{"line":7,"column":80}},"3":{"start":{"line":8,"column":4},"end":{"line":8,"column":19}},"4":{"start":{"line":10,"column":4},"end":{"line":10,"column":15}}},"fnMap":{"0":{"name":"(anonymous_0)","decl":{"start":{"line":5,"column":21},"end":{"line":5,"column":22}},"loc":{"start":{"line":5,"column":47},"end":{"line":12,"column":1}},"line":5}},"branchMap":{},"s":{"0":0,"1":0,"2":0,"3":0,"4":0},"f":{"0":0},"b":{}}
,"C:\\Users\\Tringapps-User27\\Documents\\GitHub\\fraxioned_ui\\src\\Api\\Logout.ts": {"path":"C:\\Users\\Tringapps-User27\\Documents\\GitHub\\fraxioned_ui\\src\\Api\\Logout.ts","statementMap":{"0":{"start":{"line":3,"column":22},"end":{"line":10,"column":1}},"1":{"start":{"line":4,"column":2},"end":{"line":9,"column":3}},"2":{"start":{"line":5,"column":21},"end":{"line":5,"column":72}},"3":{"start":{"line":6,"column":4},"end":{"line":6,"column":19}},"4":{"start":{"line":8,"column":4},"end":{"line":8,"column":15}}},"fnMap":{"0":{"name":"(anonymous_0)","decl":{"start":{"line":3,"column":22},"end":{"line":3,"column":23}},"loc":{"start":{"line":3,"column":34},"end":{"line":10,"column":1}},"line":3}},"branchMap":{},"s":{"0":0,"1":0,"2":0,"3":0,"4":0},"f":{"0":0},"b":{}}
,"C:\\Users\\Tringapps-User27\\Documents\\GitHub\\fraxioned_ui\\src\\Api\\Register.ts": {"path":"C:\\Users\\Tringapps-User27\\Documents\\GitHub\\fraxioned_ui\\src\\Api\\Register.ts","statementMap":{"0":{"start":{"line":4,"column":28},"end":{"line":14,"column":1}},"1":{"start":{"line":5,"column":2},"end":{"line":13,"column":3}},"2":{"start":{"line":6,"column":21},"end":{"line":9,"column":5}},"3":{"start":{"line":10,"column":4},"end":{"line":10,"column":19}},"4":{"start":{"line":12,"column":4},"end":{"line":12,"column":15}}},"fnMap":{"0":{"name":"(anonymous_0)","decl":{"start":{"line":4,"column":28},"end":{"line":4,"column":29}},"loc":{"start":{"line":4,"column":52},"end":{"line":14,"column":1}},"line":4}},"branchMap":{},"s":{"0":0,"1":0,"2":0,"3":0,"4":0},"f":{"0":0},"b":{}}
,"C:\\Users\\Tringapps-User27\\Documents\\GitHub\\fraxioned_ui\\src\\Api\\Reset.ts": {"path":"C:\\Users\\Tringapps-User27\\Documents\\GitHub\\fraxioned_ui\\src\\Api\\Reset.ts","statementMap":{"0":{"start":{"line":5,"column":29},"end":{"line":20,"column":1}},"1":{"start":{"line":6,"column":2},"end":{"line":19,"column":3}},"2":{"start":{"line":7,"column":21},"end":{"line":15,"column":5}},"3":{"start":{"line":16,"column":4},"end":{"line":16,"column":19}},"4":{"start":{"line":18,"column":4},"end":{"line":18,"column":15}}},"fnMap":{"0":{"name":"(anonymous_0)","decl":{"start":{"line":5,"column":29},"end":{"line":5,"column":30}},"loc":{"start":{"line":5,"column":78},"end":{"line":20,"column":1}},"line":5}},"branchMap":{},"s":{"0":0,"1":0,"2":0,"3":0,"4":0},"f":{"0":0},"b":{}}
,"C:\\Users\\Tringapps-User27\\Documents\\GitHub\\fraxioned_ui\\src\\Api\\send-invite.ts": {"path":"C:\\Users\\Tringapps-User27\\Documents\\GitHub\\fraxioned_ui\\src\\Api\\send-invite.ts","statementMap":{"0":{"start":{"line":5,"column":26},"end":{"line":15,"column":1}},"1":{"start":{"line":6,"column":2},"end":{"line":14,"column":3}},"2":{"start":{"line":7,"column":21},"end":{"line":10,"column":5}},"3":{"start":{"line":11,"column":4},"end":{"line":11,"column":19}},"4":{"start":{"line":13,"column":4},"end":{"line":13,"column":15}}},"fnMap":{"0":{"name":"(anonymous_0)","decl":{"start":{"line":5,"column":26},"end":{"line":5,"column":27}},"loc":{"start":{"line":5,"column":57},"end":{"line":15,"column":1}},"line":5}},"branchMap":{},"s":{"0":0,"1":0,"2":0,"3":0,"4":0},"f":{"0":0},"b":{}}
,"C:\\Users\\Tringapps-User27\\Documents\\GitHub\\fraxioned_ui\\src\\Components\\config.ts": {"path":"C:\\Users\\Tringapps-User27\\Documents\\GitHub\\fraxioned_ui\\src\\Components\\config.ts","statementMap":{"0":{"start":{"line":1,"column":22},"end":{"line":1,"column":52}}},"fnMap":{},"branchMap":{},"s":{"0":0},"f":{},"b":{}}
,"C:\\Users\\Tringapps-User27\\Documents\\GitHub\\fraxioned_ui\\src\\Components\\Booking\\Booking.tsx": {"path":"C:\\Users\\Tringapps-User27\\Documents\\GitHub\\fraxioned_ui\\src\\Components\\Booking\\Booking.tsx","statementMap":{"0":{"start":{"line":10,"column":15},"end":{"line":31,"column":1}},"1":{"start":{"line":33,"column":16},"end":{"line":163,"column":1}},"2":{"start":{"line":34,"column":42},"end":{"line":34,"column":53}},"3":{"start":{"line":36,"column":2},"end":{"line":162,"column":3}},"4":{"start":{"line":53,"column":27},"end":{"line":53,"column":45}},"5":{"start":{"line":61,"column":27},"end":{"line":61,"column":45}},"6":{"start":{"line":67,"column":27},"end":{"line":67,"column":45}},"7":{"start":{"line":75,"column":27},"end":{"line":75,"column":45}},"8":{"start":{"line":81,"column":27},"end":{"line":81,"column":45}}},"fnMap":{"0":{"name":"(anonymous_0)","decl":{"start":{"line":33,"column":16},"end":{"line":33,"column":17}},"loc":{"start":{"line":33,"column":22},"end":{"line":163,"column":1}},"line":33},"1":{"name":"(anonymous_1)","decl":{"start":{"line":53,"column":21},"end":{"line":53,"column":22}},"loc":{"start":{"line":53,"column":27},"end":{"line":53,"column":45}},"line":53},"2":{"name":"(anonymous_2)","decl":{"start":{"line":61,"column":21},"end":{"line":61,"column":22}},"loc":{"start":{"line":61,"column":27},"end":{"line":61,"column":45}},"line":61},"3":{"name":"(anonymous_3)","decl":{"start":{"line":67,"column":21},"end":{"line":67,"column":22}},"loc":{"start":{"line":67,"column":27},"end":{"line":67,"column":45}},"line":67},"4":{"name":"(anonymous_4)","decl":{"start":{"line":75,"column":21},"end":{"line":75,"column":22}},"loc":{"start":{"line":75,"column":27},"end":{"line":75,"column":45}},"line":75},"5":{"name":"(anonymous_5)","decl":{"start":{"line":81,"column":21},"end":{"line":81,"column":22}},"loc":{"start":{"line":81,"column":27},"end":{"line":81,"column":45}},"line":81}},"branchMap":{"0":{"loc":{"start":{"line":52,"column":51},"end":{"line":52,"column":85}},"type":"cond-expr","locations":[{"start":{"line":52,"column":72},"end":{"line":52,"column":80}},{"start":{"line":52,"column":83},"end":{"line":52,"column":85}}],"line":52},"1":{"loc":{"start":{"line":60,"column":42},"end":{"line":60,"column":76}},"type":"cond-expr","locations":[{"start":{"line":60,"column":63},"end":{"line":60,"column":71}},{"start":{"line":60,"column":74},"end":{"line":60,"column":76}}],"line":60},"2":{"loc":{"start":{"line":66,"column":47},"end":{"line":66,"column":81}},"type":"cond-expr","locations":[{"start":{"line":66,"column":68},"end":{"line":66,"column":76}},{"start":{"line":66,"column":79},"end":{"line":66,"column":81}}],"line":66},"3":{"loc":{"start":{"line":74,"column":57},"end":{"line":74,"column":91}},"type":"cond-expr","locations":[{"start":{"line":74,"column":78},"end":{"line":74,"column":86}},{"start":{"line":74,"column":89},"end":{"line":74,"column":91}}],"line":74},"4":{"loc":{"start":{"line":80,"column":65},"end":{"line":80,"column":99}},"type":"cond-expr","locations":[{"start":{"line":80,"column":86},"end":{"line":80,"column":94}},{"start":{"line":80,"column":97},"end":{"line":80,"column":99}}],"line":80}},"s":{"0":0,"1":0,"2":0,"3":0,"4":0,"5":0,"6":0,"7":0,"8":0},"f":{"0":0,"1":0,"2":0,"3":0,"4":0,"5":0},"b":{"0":[0,0],"1":[0,0],"2":[0,0],"3":[0,0],"4":[0,0]}}
,"C:\\Users\\Tringapps-User27\\Documents\\GitHub\\fraxioned_ui\\src\\Components\\BookingSummary\\BookingSummary.tsx": {"path":"C:\\Users\\Tringapps-User27\\Documents\\GitHub\\fraxioned_ui\\src\\Components\\BookingSummary\\BookingSummary.tsx","statementMap":{"0":{"start":{"line":3,"column":33},"end":{"line":10,"column":1}},"1":{"start":{"line":4,"column":2},"end":{"line":9,"column":3}}},"fnMap":{"0":{"name":"(anonymous_0)","decl":{"start":{"line":3,"column":33},"end":{"line":3,"column":34}},"loc":{"start":{"line":3,"column":39},"end":{"line":10,"column":1}},"line":3}},"branchMap":{},"s":{"0":0,"1":0},"f":{"0":0},"b":{}}
,"C:\\Users\\Tringapps-User27\\Documents\\GitHub\\fraxioned_ui\\src\\Components\\Calender\\Calender.tsx": {"path":"C:\\Users\\Tringapps-User27\\Documents\\GitHub\\fraxioned_ui\\src\\Components\\Calender\\Calender.tsx","statementMap":{"0":{"start":{"line":36,"column":52},"end":{"line":38,"column":1}},"1":{"start":{"line":37,"column":2},"end":{"line":37,"column":44}},"2":{"start":{"line":40,"column":27},"end":{"line":365,"column":1}},"3":{"start":{"line":41,"column":16},"end":{"line":41,"column":26}},"4":{"start":{"line":42,"column":2},"end":{"line":42,"column":28}},"5":{"start":{"line":44,"column":28},"end":{"line":44,"column":38}},"6":{"start":{"line":45,"column":2},"end":{"line":45,"column":56}},"7":{"start":{"line":46,"column":2},"end":{"line":46,"column":32}},"8":{"start":{"line":47,"column":2},"end":{"line":47,"column":31}},"9":{"start":{"line":48,"column":2},"end":{"line":48,"column":40}},"10":{"start":{"line":50,"column":36},"end":{"line":50,"column":63}},"11":{"start":{"line":51,"column":32},"end":{"line":51,"column":59}},"12":{"start":{"line":52,"column":42},"end":{"line":52,"column":71}},"13":{"start":{"line":53,"column":34},"end":{"line":53,"column":74}},"14":{"start":{"line":54,"column":15},"end":{"line":54,"column":32}},"15":{"start":{"line":56,"column":22},"end":{"line":58,"column":3}},"16":{"start":{"line":57,"column":4},"end":{"line":57,"column":36}},"17":{"start":{"line":60,"column":22},"end":{"line":62,"column":3}},"18":{"start":{"line":61,"column":4},"end":{"line":61,"column":21}},"19":{"start":{"line":64,"column":13},"end":{"line":64,"column":50}},"20":{"start":{"line":66,"column":22},"end":{"line":73,"column":3}},"21":{"start":{"line":75,"column":27},"end":{"line":79,"column":3}},"22":{"start":{"line":81,"column":21},"end":{"line":87,"column":3}},"23":{"start":{"line":89,"column":23},"end":{"line":96,"column":3}},"24":{"start":{"line":90,"column":4},"end":{"line":95,"column":5}},"25":{"start":{"line":92,"column":8},"end":{"line":94,"column":47}},"26":{"start":{"line":98,"column":28},"end":{"line":105,"column":3}},"27":{"start":{"line":99,"column":4},"end":{"line":104,"column":5}},"28":{"start":{"line":101,"column":8},"end":{"line":103,"column":52}},"29":{"start":{"line":107,"column":32},"end":{"line":114,"column":3}},"30":{"start":{"line":108,"column":4},"end":{"line":113,"column":5}},"31":{"start":{"line":110,"column":8},"end":{"line":112,"column":51}},"32":{"start":{"line":116,"column":37},"end":{"line":123,"column":3}},"33":{"start":{"line":117,"column":4},"end":{"line":122,"column":5}},"34":{"start":{"line":119,"column":8},"end":{"line":121,"column":56}},"35":{"start":{"line":125,"column":41},"end":{"line":127,"column":3}},"36":{"start":{"line":126,"column":4},"end":{"line":126,"column":69}},"37":{"start":{"line":126,"column":44},"end":{"line":126,"column":68}},"38":{"start":{"line":129,"column":46},"end":{"line":133,"column":3}},"39":{"start":{"line":130,"column":4},"end":{"line":132,"column":5}},"40":{"start":{"line":131,"column":27},"end":{"line":131,"column":56}},"41":{"start":{"line":135,"column":30},"end":{"line":140,"column":3}},"42":{"start":{"line":136,"column":30},"end":{"line":138,"column":48}},"43":{"start":{"line":138,"column":22},"end":{"line":138,"column":47}},"44":{"start":{"line":139,"column":4},"end":{"line":139,"column":75}},"45":{"start":{"line":139,"column":50},"end":{"line":139,"column":74}},"46":{"start":{"line":142,"column":30},"end":{"line":146,"column":3}},"47":{"start":{"line":144,"column":6},"end":{"line":144,"column":71}},"48":{"start":{"line":145,"column":4},"end":{"line":145,"column":26}},"49":{"start":{"line":148,"column":27},"end":{"line":197,"column":3}},"50":{"start":{"line":149,"column":4},"end":{"line":196,"column":5}},"51":{"start":{"line":150,"column":27},"end":{"line":150,"column":31}},"52":{"start":{"line":151,"column":6},"end":{"line":151,"column":25}},"53":{"start":{"line":152,"column":6},"end":{"line":152,"column":21}},"54":{"start":{"line":154,"column":6},"end":{"line":192,"column":7}},"55":{"start":{"line":155,"column":8},"end":{"line":155,"column":40}},"56":{"start":{"line":156,"column":13},"end":{"line":192,"column":7}},"57":{"start":{"line":157,"column":8},"end":{"line":157,"column":40}},"58":{"start":{"line":158,"column":13},"end":{"line":192,"column":7}},"59":{"start":{"line":160,"column":10},"end":{"line":160,"column":67}},"60":{"start":{"line":161,"column":27},"end":{"line":161,"column":53}},"61":{"start":{"line":163,"column":33},"end":{"line":163,"column":59}},"62":{"start":{"line":164,"column":33},"end":{"line":167,"column":16}},"63":{"start":{"line":169,"column":8},"end":{"line":189,"column":9}},"64":{"start":{"line":170,"column":10},"end":{"line":172,"column":11}},"65":{"start":{"line":173,"column":15},"end":{"line":189,"column":9}},"66":{"start":{"line":174,"column":10},"end":{"line":180,"column":11}},"67":{"start":{"line":175,"column":12},"end":{"line":177,"column":13}},"68":{"start":{"line":179,"column":12},"end":{"line":179,"column":33}},"69":{"start":{"line":182,"column":10},"end":{"line":188,"column":11}},"70":{"start":{"line":183,"column":12},"end":{"line":183,"column":60}},"71":{"start":{"line":184,"column":17},"end":{"line":188,"column":11}},"72":{"start":{"line":185,"column":12},"end":{"line":185,"column":54}},"73":{"start":{"line":187,"column":12},"end":{"line":187,"column":33}},"74":{"start":{"line":191,"column":8},"end":{"line":191,"column":29}},"75":{"start":{"line":194,"column":6},"end":{"line":194,"column":24}},"76":{"start":{"line":195,"column":6},"end":{"line":195,"column":22}},"77":{"start":{"line":199,"column":2},"end":{"line":211,"column":12}},"78":{"start":{"line":200,"column":25},"end":{"line":204,"column":5}},"79":{"start":{"line":201,"column":6},"end":{"line":203,"column":7}},"80":{"start":{"line":202,"column":8},"end":{"line":202,"column":21}},"81":{"start":{"line":206,"column":4},"end":{"line":206,"column":51}},"82":{"start":{"line":208,"column":4},"end":{"line":210,"column":5}},"83":{"start":{"line":209,"column":6},"end":{"line":209,"column":56}},"84":{"start":{"line":213,"column":2},"end":{"line":364,"column":3}},"85":{"start":{"line":261,"column":16},"end":{"line":279,"column":17}},"86":{"start":{"line":263,"column":20},"end":{"line":263,"column":61}},"87":{"start":{"line":264,"column":37},"end":{"line":264,"column":67}},"88":{"start":{"line":266,"column":18},"end":{"line":278,"column":19}},"89":{"start":{"line":280,"column":16},"end":{"line":285,"column":17}},"90":{"start":{"line":292,"column":39},"end":{"line":294,"column":40}},"91":{"start":{"line":296,"column":22},"end":{"line":298,"column":30}},"92":{"start":{"line":300,"column":22},"end":{"line":302,"column":30}},"93":{"start":{"line":304,"column":20},"end":{"line":340,"column":21}},"94":{"start":{"line":305,"column":22},"end":{"line":308,"column":23}},"95":{"start":{"line":309,"column":27},"end":{"line":340,"column":21}},"96":{"start":{"line":310,"column":22},"end":{"line":314,"column":23}},"97":{"start":{"line":315,"column":27},"end":{"line":340,"column":21}},"98":{"start":{"line":316,"column":22},"end":{"line":319,"column":23}},"99":{"start":{"line":320,"column":27},"end":{"line":340,"column":21}},"100":{"start":{"line":325,"column":22},"end":{"line":329,"column":23}},"101":{"start":{"line":330,"column":27},"end":{"line":340,"column":21}},"102":{"start":{"line":335,"column":22},"end":{"line":339,"column":23}},"103":{"start":{"line":341,"column":20},"end":{"line":341,"column":29}},"104":{"start":{"line":345,"column":35},"end":{"line":345,"column":39}}},"fnMap":{"0":{"name":"(anonymous_0)","decl":{"start":{"line":36,"column":52},"end":{"line":36,"column":53}},"loc":{"start":{"line":36,"column":70},"end":{"line":38,"column":1}},"line":36},"1":{"name":"(anonymous_1)","decl":{"start":{"line":40,"column":27},"end":{"line":40,"column":28}},"loc":{"start":{"line":40,"column":33},"end":{"line":365,"column":1}},"line":40},"2":{"name":"(anonymous_2)","decl":{"start":{"line":56,"column":22},"end":{"line":56,"column":23}},"loc":{"start":{"line":56,"column":70},"end":{"line":58,"column":3}},"line":56},"3":{"name":"(anonymous_3)","decl":{"start":{"line":60,"column":22},"end":{"line":60,"column":23}},"loc":{"start":{"line":60,"column":28},"end":{"line":62,"column":3}},"line":60},"4":{"name":"(anonymous_4)","decl":{"start":{"line":89,"column":23},"end":{"line":89,"column":24}},"loc":{"start":{"line":89,"column":39},"end":{"line":96,"column":3}},"line":89},"5":{"name":"(anonymous_5)","decl":{"start":{"line":91,"column":6},"end":{"line":91,"column":7}},"loc":{"start":{"line":92,"column":8},"end":{"line":94,"column":47}},"line":92},"6":{"name":"(anonymous_6)","decl":{"start":{"line":98,"column":28},"end":{"line":98,"column":29}},"loc":{"start":{"line":98,"column":44},"end":{"line":105,"column":3}},"line":98},"7":{"name":"(anonymous_7)","decl":{"start":{"line":100,"column":6},"end":{"line":100,"column":7}},"loc":{"start":{"line":101,"column":8},"end":{"line":103,"column":52}},"line":101},"8":{"name":"(anonymous_8)","decl":{"start":{"line":107,"column":32},"end":{"line":107,"column":33}},"loc":{"start":{"line":107,"column":48},"end":{"line":114,"column":3}},"line":107},"9":{"name":"(anonymous_9)","decl":{"start":{"line":109,"column":6},"end":{"line":109,"column":7}},"loc":{"start":{"line":110,"column":8},"end":{"line":112,"column":51}},"line":110},"10":{"name":"(anonymous_10)","decl":{"start":{"line":116,"column":37},"end":{"line":116,"column":38}},"loc":{"start":{"line":116,"column":53},"end":{"line":123,"column":3}},"line":116},"11":{"name":"(anonymous_11)","decl":{"start":{"line":118,"column":6},"end":{"line":118,"column":7}},"loc":{"start":{"line":119,"column":8},"end":{"line":121,"column":56}},"line":119},"12":{"name":"(anonymous_12)","decl":{"start":{"line":125,"column":41},"end":{"line":125,"column":42}},"loc":{"start":{"line":125,"column":64},"end":{"line":127,"column":3}},"line":125},"13":{"name":"(anonymous_13)","decl":{"start":{"line":126,"column":28},"end":{"line":126,"column":29}},"loc":{"start":{"line":126,"column":44},"end":{"line":126,"column":68}},"line":126},"14":{"name":"(anonymous_14)","decl":{"start":{"line":129,"column":46},"end":{"line":129,"column":47}},"loc":{"start":{"line":129,"column":69},"end":{"line":133,"column":3}},"line":129},"15":{"name":"(anonymous_15)","decl":{"start":{"line":131,"column":6},"end":{"line":131,"column":7}},"loc":{"start":{"line":131,"column":27},"end":{"line":131,"column":56}},"line":131},"16":{"name":"(anonymous_16)","decl":{"start":{"line":135,"column":30},"end":{"line":135,"column":31}},"loc":{"start":{"line":135,"column":53},"end":{"line":140,"column":3}},"line":135},"17":{"name":"(anonymous_17)","decl":{"start":{"line":138,"column":12},"end":{"line":138,"column":13}},"loc":{"start":{"line":138,"column":22},"end":{"line":138,"column":47}},"line":138},"18":{"name":"(anonymous_18)","decl":{"start":{"line":139,"column":34},"end":{"line":139,"column":35}},"loc":{"start":{"line":139,"column":50},"end":{"line":139,"column":74}},"line":139},"19":{"name":"(anonymous_19)","decl":{"start":{"line":142,"column":30},"end":{"line":142,"column":31}},"loc":{"start":{"line":142,"column":53},"end":{"line":146,"column":3}},"line":142},"20":{"name":"(anonymous_20)","decl":{"start":{"line":148,"column":27},"end":{"line":148,"column":28}},"loc":{"start":{"line":148,"column":66},"end":{"line":197,"column":3}},"line":148},"21":{"name":"(anonymous_21)","decl":{"start":{"line":199,"column":12},"end":{"line":199,"column":13}},"loc":{"start":{"line":199,"column":18},"end":{"line":211,"column":3}},"line":199},"22":{"name":"(anonymous_22)","decl":{"start":{"line":200,"column":25},"end":{"line":200,"column":26}},"loc":{"start":{"line":200,"column":31},"end":{"line":204,"column":5}},"line":200},"23":{"name":"(anonymous_23)","decl":{"start":{"line":208,"column":11},"end":{"line":208,"column":12}},"loc":{"start":{"line":208,"column":17},"end":{"line":210,"column":5}},"line":208},"24":{"name":"(anonymous_24)","decl":{"start":{"line":260,"column":26},"end":{"line":260,"column":27}},"loc":{"start":{"line":260,"column":36},"end":{"line":286,"column":15}},"line":260},"25":{"name":"(anonymous_25)","decl":{"start":{"line":291,"column":25},"end":{"line":291,"column":26}},"loc":{"start":{"line":291,"column":40},"end":{"line":342,"column":19}},"line":291},"26":{"name":"(anonymous_26)","decl":{"start":{"line":345,"column":29},"end":{"line":345,"column":30}},"loc":{"start":{"line":345,"column":35},"end":{"line":345,"column":39}},"line":345}},"branchMap":{"0":{"loc":{"start":{"line":64,"column":13},"end":{"line":64,"column":50}},"type":"cond-expr","locations":[{"start":{"line":64,"column":20},"end":{"line":64,"column":38}},{"start":{"line":64,"column":41},"end":{"line":64,"column":50}}],"line":64},"1":{"loc":{"start":{"line":92,"column":8},"end":{"line":94,"column":47}},"type":"binary-expr","locations":[{"start":{"line":92,"column":8},"end":{"line":92,"column":55}},{"start":{"line":93,"column":8},"end":{"line":93,"column":49}},{"start":{"line":94,"column":8},"end":{"line":94,"column":47}}],"line":92},"2":{"loc":{"start":{"line":101,"column":8},"end":{"line":103,"column":52}},"type":"binary-expr","locations":[{"start":{"line":101,"column":8},"end":{"line":101,"column":60}},{"start":{"line":102,"column":8},"end":{"line":102,"column":54}},{"start":{"line":103,"column":8},"end":{"line":103,"column":52}}],"line":101},"3":{"loc":{"start":{"line":110,"column":8},"end":{"line":112,"column":51}},"type":"binary-expr","locations":[{"start":{"line":110,"column":8},"end":{"line":110,"column":55}},{"start":{"line":111,"column":8},"end":{"line":111,"column":49}},{"start":{"line":112,"column":8},"end":{"line":112,"column":51}}],"line":110},"4":{"loc":{"start":{"line":119,"column":8},"end":{"line":121,"column":56}},"type":"binary-expr","locations":[{"start":{"line":119,"column":8},"end":{"line":119,"column":60}},{"start":{"line":120,"column":8},"end":{"line":120,"column":54}},{"start":{"line":121,"column":8},"end":{"line":121,"column":56}}],"line":119},"5":{"loc":{"start":{"line":149,"column":4},"end":{"line":196,"column":5}},"type":"if","locations":[{"start":{"line":149,"column":4},"end":{"line":196,"column":5}},{"start":{"line":193,"column":11},"end":{"line":196,"column":5}}],"line":149},"6":{"loc":{"start":{"line":154,"column":6},"end":{"line":192,"column":7}},"type":"if","locations":[{"start":{"line":154,"column":6},"end":{"line":192,"column":7}},{"start":{"line":156,"column":13},"end":{"line":192,"column":7}}],"line":154},"7":{"loc":{"start":{"line":156,"column":13},"end":{"line":192,"column":7}},"type":"if","locations":[{"start":{"line":156,"column":13},"end":{"line":192,"column":7}},{"start":{"line":158,"column":13},"end":{"line":192,"column":7}}],"line":156},"8":{"loc":{"start":{"line":158,"column":13},"end":{"line":192,"column":7}},"type":"if","locations":[{"start":{"line":158,"column":13},"end":{"line":192,"column":7}},{"start":{"line":190,"column":13},"end":{"line":192,"column":7}}],"line":158},"9":{"loc":{"start":{"line":164,"column":33},"end":{"line":167,"column":16}},"type":"cond-expr","locations":[{"start":{"line":165,"column":12},"end":{"line":166,"column":33}},{"start":{"line":167,"column":12},"end":{"line":167,"column":16}}],"line":164},"10":{"loc":{"start":{"line":169,"column":8},"end":{"line":189,"column":9}},"type":"if","locations":[{"start":{"line":169,"column":8},"end":{"line":189,"column":9}},{"start":{"line":173,"column":15},"end":{"line":189,"column":9}}],"line":169},"11":{"loc":{"start":{"line":169,"column":12},"end":{"line":169,"column":52}},"type":"binary-expr","locations":[{"start":{"line":169,"column":12},"end":{"line":169,"column":28}},{"start":{"line":169,"column":32},"end":{"line":169,"column":52}}],"line":169},"12":{"loc":{"start":{"line":173,"column":15},"end":{"line":189,"column":9}},"type":"if","locations":[{"start":{"line":173,"column":15},"end":{"line":189,"column":9}},{"start":{"line":181,"column":15},"end":{"line":189,"column":9}}],"line":173},"13":{"loc":{"start":{"line":174,"column":10},"end":{"line":180,"column":11}},"type":"if","locations":[{"start":{"line":174,"column":10},"end":{"line":180,"column":11}},{"start":{"line":178,"column":17},"end":{"line":180,"column":11}}],"line":174},"14":{"loc":{"start":{"line":174,"column":14},"end":{"line":174,"column":54}},"type":"binary-expr","locations":[{"start":{"line":174,"column":14},"end":{"line":174,"column":32}},{"start":{"line":174,"column":36},"end":{"line":174,"column":54}}],"line":174},"15":{"loc":{"start":{"line":182,"column":10},"end":{"line":188,"column":11}},"type":"if","locations":[{"start":{"line":182,"column":10},"end":{"line":188,"column":11}},{"start":{"line":184,"column":17},"end":{"line":188,"column":11}}],"line":182},"16":{"loc":{"start":{"line":184,"column":17},"end":{"line":188,"column":11}},"type":"if","locations":[{"start":{"line":184,"column":17},"end":{"line":188,"column":11}},{"start":{"line":186,"column":17},"end":{"line":188,"column":11}}],"line":184},"17":{"loc":{"start":{"line":201,"column":6},"end":{"line":203,"column":7}},"type":"if","locations":[{"start":{"line":201,"column":6},"end":{"line":203,"column":7}},{"start":{},"end":{}}],"line":201},"18":{"loc":{"start":{"line":261,"column":16},"end":{"line":279,"column":17}},"type":"if","locations":[{"start":{"line":261,"column":16},"end":{"line":279,"column":17}},{"start":{},"end":{}}],"line":261},"19":{"loc":{"start":{"line":261,"column":20},"end":{"line":261,"column":41}},"type":"binary-expr","locations":[{"start":{"line":261,"column":20},"end":{"line":261,"column":29}},{"start":{"line":261,"column":33},"end":{"line":261,"column":41}}],"line":261},"20":{"loc":{"start":{"line":267,"column":20},"end":{"line":277,"column":29}},"type":"binary-expr","locations":[{"start":{"line":267,"column":20},"end":{"line":267,"column":37}},{"start":{"line":268,"column":20},"end":{"line":268,"column":45}},{"start":{"line":269,"column":20},"end":{"line":269,"column":39}},{"start":{"line":270,"column":20},"end":{"line":270,"column":44}},{"start":{"line":271,"column":21},"end":{"line":271,"column":37}},{"start":{"line":271,"column":41},"end":{"line":271,"column":64}},{"start":{"line":272,"column":21},"end":{"line":272,"column":32}},{"start":{"line":273,"column":23},"end":{"line":273,"column":33}},{"start":{"line":274,"column":24},"end":{"line":277,"column":27}}],"line":267},"21":{"loc":{"start":{"line":281,"column":18},"end":{"line":284,"column":42}},"type":"binary-expr","locations":[{"start":{"line":281,"column":18},"end":{"line":281,"column":31}},{"start":{"line":282,"column":18},"end":{"line":282,"column":43}},{"start":{"line":283,"column":18},"end":{"line":283,"column":37}},{"start":{"line":284,"column":18},"end":{"line":284,"column":42}}],"line":281},"22":{"loc":{"start":{"line":296,"column":22},"end":{"line":298,"column":30}},"type":"cond-expr","locations":[{"start":{"line":297,"column":26},"end":{"line":297,"column":67}},{"start":{"line":298,"column":26},"end":{"line":298,"column":30}}],"line":296},"23":{"loc":{"start":{"line":296,"column":22},"end":{"line":296,"column":43}},"type":"binary-expr","locations":[{"start":{"line":296,"column":22},"end":{"line":296,"column":31}},{"start":{"line":296,"column":35},"end":{"line":296,"column":43}}],"line":296},"24":{"loc":{"start":{"line":300,"column":22},"end":{"line":302,"column":30}},"type":"cond-expr","locations":[{"start":{"line":301,"column":26},"end":{"line":301,"column":72}},{"start":{"line":302,"column":26},"end":{"line":302,"column":30}}],"line":300},"25":{"loc":{"start":{"line":300,"column":22},"end":{"line":300,"column":43}},"type":"binary-expr","locations":[{"start":{"line":300,"column":22},"end":{"line":300,"column":31}},{"start":{"line":300,"column":35},"end":{"line":300,"column":43}}],"line":300},"26":{"loc":{"start":{"line":304,"column":20},"end":{"line":340,"column":21}},"type":"if","locations":[{"start":{"line":304,"column":20},"end":{"line":340,"column":21}},{"start":{"line":309,"column":27},"end":{"line":340,"column":21}}],"line":304},"27":{"loc":{"start":{"line":309,"column":27},"end":{"line":340,"column":21}},"type":"if","locations":[{"start":{"line":309,"column":27},"end":{"line":340,"column":21}},{"start":{"line":315,"column":27},"end":{"line":340,"column":21}}],"line":309},"28":{"loc":{"start":{"line":315,"column":27},"end":{"line":340,"column":21}},"type":"if","locations":[{"start":{"line":315,"column":27},"end":{"line":340,"column":21}},{"start":{"line":320,"column":27},"end":{"line":340,"column":21}}],"line":315},"29":{"loc":{"start":{"line":320,"column":27},"end":{"line":340,"column":21}},"type":"if","locations":[{"start":{"line":320,"column":27},"end":{"line":340,"column":21}},{"start":{"line":330,"column":27},"end":{"line":340,"column":21}}],"line":320},"30":{"loc":{"start":{"line":321,"column":22},"end":{"line":323,"column":45}},"type":"binary-expr","locations":[{"start":{"line":321,"column":22},"end":{"line":321,"column":31}},{"start":{"line":322,"column":22},"end":{"line":322,"column":37}},{"start":{"line":323,"column":22},"end":{"line":323,"column":45}}],"line":321},"31":{"loc":{"start":{"line":330,"column":27},"end":{"line":340,"column":21}},"type":"if","locations":[{"start":{"line":330,"column":27},"end":{"line":340,"column":21}},{"start":{},"end":{}}],"line":330},"32":{"loc":{"start":{"line":331,"column":22},"end":{"line":333,"column":50}},"type":"binary-expr","locations":[{"start":{"line":331,"column":22},"end":{"line":331,"column":31}},{"start":{"line":332,"column":22},"end":{"line":332,"column":42}},{"start":{"line":333,"column":22},"end":{"line":333,"column":50}}],"line":331},"33":{"loc":{"start":{"line":350,"column":13},"end":{"line":352,"column":13}},"type":"binary-expr","locations":[{"start":{"line":350,"column":13},"end":{"line":350,"column":25}},{"start":{"line":351,"column":14},"end":{"line":351,"column":65}}],"line":350}},"s":{"0":0,"1":0,"2":0,"3":0,"4":0,"5":0,"6":0,"7":0,"8":0,"9":0,"10":0,"11":0,"12":0,"13":0,"14":0,"15":0,"16":0,"17":0,"18":0,"19":0,"20":0,"21":0,"22":0,"23":0,"24":0,"25":0,"26":0,"27":0,"28":0,"29":0,"30":0,"31":0,"32":0,"33":0,"34":0,"35":0,"36":0,"37":0,"38":0,"39":0,"40":0,"41":0,"42":0,"43":0,"44":0,"45":0,"46":0,"47":0,"48":0,"49":0,"50":0,"51":0,"52":0,"53":0,"54":0,"55":0,"56":0,"57":0,"58":0,"59":0,"60":0,"61":0,"62":0,"63":0,"64":0,"65":0,"66":0,"67":0,"68":0,"69":0,"70":0,"71":0,"72":0,"73":0,"74":0,"75":0,"76":0,"77":0,"78":0,"79":0,"80":0,"81":0,"82":0,"83":0,"84":0,"85":0,"86":0,"87":0,"88":0,"89":0,"90":0,"91":0,"92":0,"93":0,"94":0,"95":0,"96":0,"97":0,"98":0,"99":0,"100":0,"101":0,"102":0,"103":0,"104":0},"f":{"0":0,"1":0,"2":0,"3":0,"4":0,"5":0,"6":0,"7":0,"8":0,"9":0,"10":0,"11":0,"12":0,"13":0,"14":0,"15":0,"16":0,"17":0,"18":0,"19":0,"20":0,"21":0,"22":0,"23":0,"24":0,"25":0,"26":0},"b":{"0":[0,0],"1":[0,0,0],"2":[0,0,0],"3":[0,0,0],"4":[0,0,0],"5":[0,0],"6":[0,0],"7":[0,0],"8":[0,0],"9":[0,0],"10":[0,0],"11":[0,0],"12":[0,0],"13":[0,0],"14":[0,0],"15":[0,0],"16":[0,0],"17":[0,0],"18":[0,0],"19":[0,0],"20":[0,0,0,0,0,0,0,0,0],"21":[0,0,0,0],"22":[0,0],"23":[0,0],"24":[0,0],"25":[0,0],"26":[0,0],"27":[0,0],"28":[0,0],"29":[0,0],"30":[0,0,0],"31":[0,0],"32":[0,0,0],"33":[0,0]}}
,"C:\\Users\\Tringapps-User27\\Documents\\GitHub\\fraxioned_ui\\src\\Components\\ChangePassword\\ChangePassword.tsx": {"path":"C:\\Users\\Tringapps-User27\\Documents\\GitHub\\fraxioned_ui\\src\\Components\\ChangePassword\\ChangePassword.tsx","statementMap":{"0":{"start":{"line":10,"column":25},"end":{"line":160,"column":1}},"1":{"start":{"line":11,"column":40},"end":{"line":11,"column":52}},"2":{"start":{"line":12,"column":50},"end":{"line":12,"column":65}},"3":{"start":{"line":13,"column":48},"end":{"line":13,"column":60}},"4":{"start":{"line":14,"column":58},"end":{"line":14,"column":73}},"5":{"start":{"line":15,"column":50},"end":{"line":15,"column":65}},"6":{"start":{"line":16,"column":38},"end":{"line":16,"column":50}},"7":{"start":{"line":17,"column":36},"end":{"line":17,"column":51}},"8":{"start":{"line":18,"column":42},"end":{"line":18,"column":54}},"9":{"start":{"line":19,"column":19},"end":{"line":19,"column":32}},"10":{"start":{"line":20,"column":19},"end":{"line":20,"column":32}},"11":{"start":{"line":22,"column":2},"end":{"line":33,"column":16}},"12":{"start":{"line":23,"column":25},"end":{"line":23,"column":61}},"13":{"start":{"line":24,"column":18},"end":{"line":24,"column":48}},"14":{"start":{"line":25,"column":4},"end":{"line":32,"column":5}},"15":{"start":{"line":26,"column":6},"end":{"line":26,"column":26}},"16":{"start":{"line":27,"column":6},"end":{"line":27,"column":24}},"17":{"start":{"line":29,"column":6},"end":{"line":31,"column":7}},"18":{"start":{"line":35,"column":23},"end":{"line":77,"column":3}},"19":{"start":{"line":36,"column":4},"end":{"line":36,"column":22}},"20":{"start":{"line":37,"column":4},"end":{"line":76,"column":5}},"21":{"start":{"line":38,"column":6},"end":{"line":38,"column":31}},"22":{"start":{"line":39,"column":6},"end":{"line":39,"column":36}},"23":{"start":{"line":40,"column":6},"end":{"line":40,"column":32}},"24":{"start":{"line":41,"column":11},"end":{"line":76,"column":5}},"25":{"start":{"line":42,"column":6},"end":{"line":42,"column":32}},"26":{"start":{"line":43,"column":6},"end":{"line":43,"column":35}},"27":{"start":{"line":44,"column":6},"end":{"line":44,"column":32}},"28":{"start":{"line":45,"column":11},"end":{"line":76,"column":5}},"29":{"start":{"line":46,"column":6},"end":{"line":46,"column":32}},"30":{"start":{"line":47,"column":6},"end":{"line":47,"column":36}},"31":{"start":{"line":48,"column":6},"end":{"line":48,"column":31}},"32":{"start":{"line":50,"column":6},"end":{"line":50,"column":32}},"33":{"start":{"line":51,"column":6},"end":{"line":51,"column":36}},"34":{"start":{"line":52,"column":6},"end":{"line":52,"column":32}},"35":{"start":{"line":53,"column":6},"end":{"line":53,"column":24}},"36":{"start":{"line":55,"column":6},"end":{"line":75,"column":7}},"37":{"start":{"line":56,"column":25},"end":{"line":66,"column":9}},"38":{"start":{"line":67,"column":8},"end":{"line":67,"column":65}},"39":{"start":{"line":68,"column":8},"end":{"line":68,"column":27}},"40":{"start":{"line":69,"column":8},"end":{"line":69,"column":26}},"41":{"start":{"line":71,"column":8},"end":{"line":71,"column":56}},"42":{"start":{"line":72,"column":8},"end":{"line":72,"column":71}},"43":{"start":{"line":74,"column":8},"end":{"line":74,"column":27}},"44":{"start":{"line":79,"column":34},"end":{"line":83,"column":3}},"45":{"start":{"line":80,"column":4},"end":{"line":80,"column":34}},"46":{"start":{"line":81,"column":4},"end":{"line":81,"column":30}},"47":{"start":{"line":82,"column":4},"end":{"line":82,"column":30}},"48":{"start":{"line":85,"column":38},"end":{"line":91,"column":3}},"49":{"start":{"line":88,"column":4},"end":{"line":88,"column":38}},"50":{"start":{"line":89,"column":4},"end":{"line":89,"column":34}},"51":{"start":{"line":90,"column":4},"end":{"line":90,"column":30}},"52":{"start":{"line":93,"column":2},"end":{"line":103,"column":3}},"53":{"start":{"line":94,"column":4},"end":{"line":102,"column":5}},"54":{"start":{"line":105,"column":2},"end":{"line":159,"column":3}}},"fnMap":{"0":{"name":"(anonymous_0)","decl":{"start":{"line":10,"column":25},"end":{"line":10,"column":26}},"loc":{"start":{"line":10,"column":31},"end":{"line":160,"column":1}},"line":10},"1":{"name":"(anonymous_1)","decl":{"start":{"line":22,"column":12},"end":{"line":22,"column":13}},"loc":{"start":{"line":22,"column":18},"end":{"line":33,"column":3}},"line":22},"2":{"name":"(anonymous_2)","decl":{"start":{"line":35,"column":23},"end":{"line":35,"column":24}},"loc":{"start":{"line":35,"column":53},"end":{"line":77,"column":3}},"line":35},"3":{"name":"(anonymous_3)","decl":{"start":{"line":79,"column":34},"end":{"line":79,"column":35}},"loc":{"start":{"line":79,"column":78},"end":{"line":83,"column":3}},"line":79},"4":{"name":"(anonymous_4)","decl":{"start":{"line":85,"column":38},"end":{"line":85,"column":39}},"loc":{"start":{"line":87,"column":7},"end":{"line":91,"column":3}},"line":87}},"branchMap":{"0":{"loc":{"start":{"line":25,"column":4},"end":{"line":32,"column":5}},"type":"if","locations":[{"start":{"line":25,"column":4},"end":{"line":32,"column":5}},{"start":{"line":28,"column":11},"end":{"line":32,"column":5}}],"line":25},"1":{"loc":{"start":{"line":37,"column":4},"end":{"line":76,"column":5}},"type":"if","locations":[{"start":{"line":37,"column":4},"end":{"line":76,"column":5}},{"start":{"line":41,"column":11},"end":{"line":76,"column":5}}],"line":37},"2":{"loc":{"start":{"line":41,"column":11},"end":{"line":76,"column":5}},"type":"if","locations":[{"start":{"line":41,"column":11},"end":{"line":76,"column":5}},{"start":{"line":45,"column":11},"end":{"line":76,"column":5}}],"line":41},"3":{"loc":{"start":{"line":45,"column":11},"end":{"line":76,"column":5}},"type":"if","locations":[{"start":{"line":45,"column":11},"end":{"line":76,"column":5}},{"start":{"line":49,"column":11},"end":{"line":76,"column":5}}],"line":45},"4":{"loc":{"start":{"line":93,"column":2},"end":{"line":103,"column":3}},"type":"if","locations":[{"start":{"line":93,"column":2},"end":{"line":103,"column":3}},{"start":{},"end":{}}],"line":93},"5":{"loc":{"start":{"line":108,"column":9},"end":{"line":108,"column":32}},"type":"binary-expr","locations":[{"start":{"line":108,"column":9},"end":{"line":108,"column":18}},{"start":{"line":108,"column":22},"end":{"line":108,"column":32}}],"line":108},"6":{"loc":{"start":{"line":114,"column":13},"end":{"line":116,"column":13}},"type":"binary-expr","locations":[{"start":{"line":114,"column":13},"end":{"line":114,"column":29}},{"start":{"line":115,"column":14},"end":{"line":115,"column":79}}],"line":114},"7":{"loc":{"start":{"line":117,"column":13},"end":{"line":119,"column":13}},"type":"binary-expr","locations":[{"start":{"line":117,"column":13},"end":{"line":117,"column":25}},{"start":{"line":118,"column":14},"end":{"line":118,"column":71}}],"line":117},"8":{"loc":{"start":{"line":121,"column":15},"end":{"line":125,"column":15}},"type":"binary-expr","locations":[{"start":{"line":121,"column":15},"end":{"line":121,"column":31}},{"start":{"line":122,"column":16},"end":{"line":124,"column":22}}],"line":121},"9":{"loc":{"start":{"line":131,"column":27},"end":{"line":131,"column":68}},"type":"cond-expr","locations":[{"start":{"line":131,"column":46},"end":{"line":131,"column":63}},{"start":{"line":131,"column":66},"end":{"line":131,"column":68}}],"line":131},"10":{"loc":{"start":{"line":135,"column":15},"end":{"line":139,"column":15}},"type":"binary-expr","locations":[{"start":{"line":135,"column":15},"end":{"line":135,"column":35}},{"start":{"line":136,"column":16},"end":{"line":138,"column":22}}],"line":135},"11":{"loc":{"start":{"line":145,"column":27},"end":{"line":145,"column":72}},"type":"cond-expr","locations":[{"start":{"line":145,"column":50},"end":{"line":145,"column":67}},{"start":{"line":145,"column":70},"end":{"line":145,"column":72}}],"line":145},"12":{"loc":{"start":{"line":153,"column":15},"end":{"line":153,"column":53}},"type":"cond-expr","locations":[{"start":{"line":153,"column":27},"end":{"line":153,"column":42}},{"start":{"line":153,"column":45},"end":{"line":153,"column":53}}],"line":153}},"s":{"0":0,"1":0,"2":0,"3":0,"4":0,"5":0,"6":0,"7":0,"8":0,"9":0,"10":0,"11":0,"12":0,"13":0,"14":0,"15":0,"16":0,"17":0,"18":0,"19":0,"20":0,"21":0,"22":0,"23":0,"24":0,"25":0,"26":0,"27":0,"28":0,"29":0,"30":0,"31":0,"32":0,"33":0,"34":0,"35":0,"36":0,"37":0,"38":0,"39":0,"40":0,"41":0,"42":0,"43":0,"44":0,"45":0,"46":0,"47":0,"48":0,"49":0,"50":0,"51":0,"52":0,"53":0,"54":0},"f":{"0":0,"1":0,"2":0,"3":0,"4":0},"b":{"0":[0,0],"1":[0,0],"2":[0,0],"3":[0,0],"4":[0,0],"5":[0,0],"6":[0,0],"7":[0,0],"8":[0,0],"9":[0,0],"10":[0,0],"11":[0,0],"12":[0,0]}}
,"C:\\Users\\Tringapps-User27\\Documents\\GitHub\\fraxioned_ui\\src\\Components\\ComingSoon\\ComingSoon.tsx": {"path":"C:\\Users\\Tringapps-User27\\Documents\\GitHub\\fraxioned_ui\\src\\Components\\ComingSoon\\ComingSoon.tsx","statementMap":{"0":{"start":{"line":3,"column":29},"end":{"line":11,"column":1}},"1":{"start":{"line":4,"column":2},"end":{"line":10,"column":3}}},"fnMap":{"0":{"name":"(anonymous_0)","decl":{"start":{"line":3,"column":29},"end":{"line":3,"column":30}},"loc":{"start":{"line":3,"column":35},"end":{"line":11,"column":1}},"line":3}},"branchMap":{},"s":{"0":0,"1":0},"f":{"0":0},"b":{}}
,"C:\\Users\\Tringapps-User27\\Documents\\GitHub\\fraxioned_ui\\src\\Components\\ConfirmationModal\\ConfirmationModal.tsx": {"path":"C:\\Users\\Tringapps-User27\\Documents\\GitHub\\fraxioned_ui\\src\\Components\\ConfirmationModal\\ConfirmationModal.tsx","statementMap":{"0":{"start":{"line":15,"column":60},"end":{"line":40,"column":1}},"1":{"start":{"line":24,"column":2},"end":{"line":39,"column":3}}},"fnMap":{"0":{"name":"(anonymous_0)","decl":{"start":{"line":15,"column":60},"end":{"line":15,"column":61}},"loc":{"start":{"line":23,"column":6},"end":{"line":40,"column":1}},"line":23}},"branchMap":{},"s":{"0":0,"1":0},"f":{"0":0},"b":{}}
,"C:\\Users\\Tringapps-User27\\Documents\\GitHub\\fraxioned_ui\\src\\Components\\ContactModal\\ContactModal.tsx": {"path":"C:\\Users\\Tringapps-User27\\Documents\\GitHub\\fraxioned_ui\\src\\Components\\ContactModal\\ContactModal.tsx","statementMap":{"0":{"start":{"line":13,"column":50},"end":{"line":25,"column":1}},"1":{"start":{"line":14,"column":2},"end":{"line":24,"column":3}}},"fnMap":{"0":{"name":"(anonymous_0)","decl":{"start":{"line":13,"column":50},"end":{"line":13,"column":51}},"loc":{"start":{"line":13,"column":77},"end":{"line":25,"column":1}},"line":13}},"branchMap":{},"s":{"0":0,"1":0},"f":{"0":0},"b":{}}
,"C:\\Users\\Tringapps-User27\\Documents\\GitHub\\fraxioned_ui\\src\\Components\\ContactUs\\Contact.tsx": {"path":"C:\\Users\\Tringapps-User27\\Documents\\GitHub\\fraxioned_ui\\src\\Components\\ContactUs\\Contact.tsx","statementMap":{"0":{"start":{"line":12,"column":26},"end":{"line":117,"column":1}},"1":{"start":{"line":13,"column":26},"end":{"line":13,"column":38}},"2":{"start":{"line":14,"column":28},"end":{"line":14,"column":40}},"3":{"start":{"line":15,"column":32},"end":{"line":15,"column":44}},"4":{"start":{"line":16,"column":32},"end":{"line":16,"column":44}},"5":{"start":{"line":17,"column":42},"end":{"line":17,"column":57}},"6":{"start":{"line":18,"column":48},"end":{"line":18,"column":60}},"7":{"start":{"line":20,"column":30},"end":{"line":22,"column":3}},"8":{"start":{"line":21,"column":4},"end":{"line":21,"column":26}},"9":{"start":{"line":24,"column":2},"end":{"line":116,"column":3}},"10":{"start":{"line":42,"column":14},"end":{"line":54,"column":15}},"11":{"start":{"line":68,"column":37},"end":{"line":68,"column":64}},"12":{"start":{"line":77,"column":37},"end":{"line":77,"column":67}},"13":{"start":{"line":96,"column":37},"end":{"line":96,"column":67}}},"fnMap":{"0":{"name":"(anonymous_0)","decl":{"start":{"line":12,"column":26},"end":{"line":12,"column":27}},"loc":{"start":{"line":12,"column":32},"end":{"line":117,"column":1}},"line":12},"1":{"name":"(anonymous_1)","decl":{"start":{"line":20,"column":30},"end":{"line":20,"column":31}},"loc":{"start":{"line":20,"column":36},"end":{"line":22,"column":3}},"line":20},"2":{"name":"(anonymous_2)","decl":{"start":{"line":41,"column":22},"end":{"line":41,"column":23}},"loc":{"start":{"line":42,"column":14},"end":{"line":54,"column":15}},"line":42},"3":{"name":"(anonymous_3)","decl":{"start":{"line":68,"column":26},"end":{"line":68,"column":27}},"loc":{"start":{"line":68,"column":37},"end":{"line":68,"column":64}},"line":68},"4":{"name":"(anonymous_4)","decl":{"start":{"line":77,"column":26},"end":{"line":77,"column":27}},"loc":{"start":{"line":77,"column":37},"end":{"line":77,"column":67}},"line":77},"5":{"name":"(anonymous_5)","decl":{"start":{"line":96,"column":26},"end":{"line":96,"column":27}},"loc":{"start":{"line":96,"column":37},"end":{"line":96,"column":67}},"line":96}},"branchMap":{},"s":{"0":0,"1":0,"2":0,"3":0,"4":0,"5":0,"6":0,"7":0,"8":0,"9":0,"10":0,"11":0,"12":0,"13":0},"f":{"0":0,"1":0,"2":0,"3":0,"4":0,"5":0},"b":{}}
,"C:\\Users\\Tringapps-User27\\Documents\\GitHub\\fraxioned_ui\\src\\Components\\ContactUs\\ContactFunction.tsx": {"path":"C:\\Users\\Tringapps-User27\\Documents\\GitHub\\fraxioned_ui\\src\\Components\\ContactUs\\ContactFunction.tsx","statementMap":{"0":{"start":{"line":4,"column":28},"end":{"line":45,"column":1}},"1":{"start":{"line":17,"column":2},"end":{"line":17,"column":24}},"2":{"start":{"line":18,"column":2},"end":{"line":44,"column":3}},"3":{"start":{"line":19,"column":23},"end":{"line":19,"column":55}},"4":{"start":{"line":20,"column":4},"end":{"line":39,"column":5}},"5":{"start":{"line":21,"column":25},"end":{"line":21,"column":47}},"6":{"start":{"line":22,"column":21},"end":{"line":22,"column":34}},"7":{"start":{"line":23,"column":6},"end":{"line":23,"column":35}},"8":{"start":{"line":24,"column":38},"end":{"line":30,"column":7}},"9":{"start":{"line":31,"column":6},"end":{"line":31,"column":39}},"10":{"start":{"line":33,"column":6},"end":{"line":33,"column":54}},"11":{"start":{"line":34,"column":6},"end":{"line":34,"column":27}},"12":{"start":{"line":35,"column":6},"end":{"line":35,"column":17}},"13":{"start":{"line":36,"column":6},"end":{"line":36,"column":18}},"14":{"start":{"line":37,"column":6},"end":{"line":37,"column":20}},"15":{"start":{"line":38,"column":6},"end":{"line":38,"column":20}},"16":{"start":{"line":41,"column":4},"end":{"line":41,"column":24}},"17":{"start":{"line":42,"column":4},"end":{"line":42,"column":66}},"18":{"start":{"line":43,"column":4},"end":{"line":43,"column":25}}},"fnMap":{"0":{"name":"(anonymous_0)","decl":{"start":{"line":4,"column":28},"end":{"line":4,"column":29}},"loc":{"start":{"line":16,"column":5},"end":{"line":45,"column":1}},"line":16}},"branchMap":{"0":{"loc":{"start":{"line":20,"column":4},"end":{"line":39,"column":5}},"type":"if","locations":[{"start":{"line":20,"column":4},"end":{"line":39,"column":5}},{"start":{},"end":{}}],"line":20}},"s":{"0":0,"1":0,"2":0,"3":0,"4":0,"5":0,"6":0,"7":0,"8":0,"9":0,"10":0,"11":0,"12":0,"13":0,"14":0,"15":0,"16":0,"17":0,"18":0},"f":{"0":0},"b":{"0":[0,0]}}
,"C:\\Users\\Tringapps-User27\\Documents\\GitHub\\fraxioned_ui\\src\\Components\\CustomizedAccordions\\CustomizedAccordions.tsx": {"path":"C:\\Users\\Tringapps-User27\\Documents\\GitHub\\fraxioned_ui\\src\\Components\\CustomizedAccordions\\CustomizedAccordions.tsx","statementMap":{"0":{"start":{"line":12,"column":18},"end":{"line":22,"column":3}},"1":{"start":{"line":13,"column":2},"end":{"line":13,"column":65}},"2":{"start":{"line":14,"column":19},"end":{"line":22,"column":1}},"3":{"start":{"line":24,"column":25},"end":{"line":41,"column":3}},"4":{"start":{"line":25,"column":2},"end":{"line":28,"column":4}},"5":{"start":{"line":29,"column":19},"end":{"line":41,"column":1}},"6":{"start":{"line":43,"column":25},"end":{"line":46,"column":3}},"7":{"start":{"line":43,"column":69},"end":{"line":46,"column":1}},"8":{"start":{"line":49,"column":34},"end":{"line":49,"column":74}},"9":{"start":{"line":52,"column":4},"end":{"line":54,"column":5}},"10":{"start":{"line":52,"column":23},"end":{"line":54,"column":5}},"11":{"start":{"line":53,"column":6},"end":{"line":53,"column":46}},"12":{"start":{"line":56,"column":2},"end":{"line":140,"column":3}}},"fnMap":{"0":{"name":"(anonymous_0)","decl":{"start":{"line":12,"column":25},"end":{"line":12,"column":26}},"loc":{"start":{"line":13,"column":2},"end":{"line":13,"column":65}},"line":13},"1":{"name":"(anonymous_1)","decl":{"start":{"line":14,"column":3},"end":{"line":14,"column":4}},"loc":{"start":{"line":14,"column":19},"end":{"line":22,"column":1}},"line":14},"2":{"name":"(anonymous_2)","decl":{"start":{"line":24,"column":32},"end":{"line":24,"column":33}},"loc":{"start":{"line":25,"column":2},"end":{"line":28,"column":4}},"line":25},"3":{"name":"(anonymous_3)","decl":{"start":{"line":29,"column":3},"end":{"line":29,"column":4}},"loc":{"start":{"line":29,"column":19},"end":{"line":41,"column":1}},"line":29},"4":{"name":"(anonymous_4)","decl":{"start":{"line":43,"column":53},"end":{"line":43,"column":54}},"loc":{"start":{"line":43,"column":69},"end":{"line":46,"column":1}},"line":43},"5":{"name":"CustomizedAccordions","decl":{"start":{"line":48,"column":24},"end":{"line":48,"column":44}},"loc":{"start":{"line":48,"column":47},"end":{"line":141,"column":1}},"line":48},"6":{"name":"(anonymous_6)","decl":{"start":{"line":52,"column":4},"end":{"line":52,"column":5}},"loc":{"start":{"line":52,"column":23},"end":{"line":54,"column":5}},"line":52},"7":{"name":"(anonymous_7)","decl":{"start":{"line":52,"column":23},"end":{"line":52,"column":24}},"loc":{"start":{"line":52,"column":78},"end":{"line":54,"column":5}},"line":52}},"branchMap":{"0":{"loc":{"start":{"line":31,"column":4},"end":{"line":33,"column":28}},"type":"cond-expr","locations":[{"start":{"line":32,"column":8},"end":{"line":32,"column":34}},{"start":{"line":33,"column":8},"end":{"line":33,"column":28}}],"line":31},"1":{"loc":{"start":{"line":53,"column":18},"end":{"line":53,"column":45}},"type":"cond-expr","locations":[{"start":{"line":53,"column":32},"end":{"line":53,"column":37}},{"start":{"line":53,"column":40},"end":{"line":53,"column":45}}],"line":53}},"s":{"0":0,"1":0,"2":0,"3":0,"4":0,"5":0,"6":0,"7":0,"8":0,"9":0,"10":0,"11":0,"12":0},"f":{"0":0,"1":0,"2":0,"3":0,"4":0,"5":0,"6":0,"7":0},"b":{"0":[0,0],"1":[0,0]}}
,"C:\\Users\\Tringapps-User27\\Documents\\GitHub\\fraxioned_ui\\src\\Components\\CustomizedSnackbars\\CustomizedSnackbars.tsx": {"path":"C:\\Users\\Tringapps-User27\\Documents\\GitHub\\fraxioned_ui\\src\\Components\\CustomizedSnackbars\\CustomizedSnackbars.tsx","statementMap":{"0":{"start":{"line":12,"column":64},"end":{"line":36,"column":1}},"1":{"start":{"line":18,"column":2},"end":{"line":35,"column":3}}},"fnMap":{"0":{"name":"(anonymous_0)","decl":{"start":{"line":12,"column":64},"end":{"line":12,"column":65}},"loc":{"start":{"line":17,"column":6},"end":{"line":36,"column":1}},"line":17}},"branchMap":{},"s":{"0":1,"1":45},"f":{"0":45},"b":{},"_coverageSchema":"1a1c01bbd47fc00a2c39e90264f33305004495a9","hash":"4efed9eade631c6591569be8f4b71f4620f2ac2f"}
,"C:\\Users\\Tringapps-User27\\Documents\\GitHub\\fraxioned_ui\\src\\Components\\Dashboard\\Dashboard.tsx": {"path":"C:\\Users\\Tringapps-User27\\Documents\\GitHub\\fraxioned_ui\\src\\Components\\Dashboard\\Dashboard.tsx","statementMap":{"0":{"start":{"line":17,"column":28},"end":{"line":63,"column":1}},"1":{"start":{"line":19,"column":36},"end":{"line":19,"column":48}},"2":{"start":{"line":20,"column":19},"end":{"line":20,"column":32}},"3":{"start":{"line":22,"column":2},"end":{"line":26,"column":16}},"4":{"start":{"line":23,"column":4},"end":{"line":25,"column":5}},"5":{"start":{"line":24,"column":6},"end":{"line":24,"column":24}},"6":{"start":{"line":28,"column":16},"end":{"line":34,"column":3}},"7":{"start":{"line":36,"column":2},"end":{"line":62,"column":3}},"8":{"start":{"line":43,"column":32},"end":{"line":43,"column":67}}},"fnMap":{"0":{"name":"(anonymous_0)","decl":{"start":{"line":17,"column":28},"end":{"line":17,"column":29}},"loc":{"start":{"line":17,"column":34},"end":{"line":63,"column":1}},"line":17},"1":{"name":"(anonymous_1)","decl":{"start":{"line":22,"column":12},"end":{"line":22,"column":13}},"loc":{"start":{"line":22,"column":18},"end":{"line":26,"column":3}},"line":22},"2":{"name":"(anonymous_2)","decl":{"start":{"line":43,"column":26},"end":{"line":43,"column":27}},"loc":{"start":{"line":43,"column":32},"end":{"line":43,"column":67}},"line":43}},"branchMap":{"0":{"loc":{"start":{"line":23,"column":4},"end":{"line":25,"column":5}},"type":"if","locations":[{"start":{"line":23,"column":4},"end":{"line":25,"column":5}},{"start":{},"end":{}}],"line":23}},"s":{"0":0,"1":0,"2":0,"3":0,"4":0,"5":0,"6":0,"7":0,"8":0},"f":{"0":0,"1":0,"2":0},"b":{"0":[0,0]}}
,"C:\\Users\\Tringapps-User27\\Documents\\GitHub\\fraxioned_ui\\src\\Components\\ForgetPassword\\ForgotPassword.tsx": {"path":"C:\\Users\\Tringapps-User27\\Documents\\GitHub\\fraxioned_ui\\src\\Components\\ForgetPassword\\ForgotPassword.tsx","statementMap":{"0":{"start":{"line":12,"column":33},"end":{"line":147,"column":1}},"1":{"start":{"line":13,"column":28},"end":{"line":13,"column":40}},"2":{"start":{"line":14,"column":28},"end":{"line":14,"column":40}},"3":{"start":{"line":15,"column":36},"end":{"line":15,"column":51}},"4":{"start":{"line":16,"column":42},"end":{"line":16,"column":57}},"5":{"start":{"line":17,"column":48},"end":{"line":17,"column":60}},"6":{"start":{"line":18,"column":50},"end":{"line":18,"column":108}},"7":{"start":{"line":19,"column":19},"end":{"line":19,"column":32}},"8":{"start":{"line":21,"column":24},"end":{"line":24,"column":3}},"9":{"start":{"line":22,"column":15},"end":{"line":22,"column":96}},"10":{"start":{"line":23,"column":4},"end":{"line":23,"column":47}},"11":{"start":{"line":26,"column":30},"end":{"line":31,"column":3}},"12":{"start":{"line":27,"column":4},"end":{"line":29,"column":5}},"13":{"start":{"line":28,"column":6},"end":{"line":28,"column":12}},"14":{"start":{"line":30,"column":4},"end":{"line":30,"column":26}},"15":{"start":{"line":33,"column":23},"end":{"line":84,"column":3}},"16":{"start":{"line":34,"column":4},"end":{"line":34,"column":22}},"17":{"start":{"line":35,"column":4},"end":{"line":83,"column":5}},"18":{"start":{"line":36,"column":6},"end":{"line":36,"column":45}},"19":{"start":{"line":37,"column":11},"end":{"line":83,"column":5}},"20":{"start":{"line":38,"column":6},"end":{"line":38,"column":47}},"21":{"start":{"line":40,"column":6},"end":{"line":40,"column":18}},"22":{"start":{"line":41,"column":6},"end":{"line":41,"column":24}},"23":{"start":{"line":42,"column":6},"end":{"line":82,"column":7}},"24":{"start":{"line":43,"column":25},"end":{"line":46,"column":9}},"25":{"start":{"line":47,"column":8},"end":{"line":65,"column":9}},"26":{"start":{"line":48,"column":10},"end":{"line":48,"column":61}},"27":{"start":{"line":49,"column":10},"end":{"line":49,"column":56}},"28":{"start":{"line":50,"column":10},"end":{"line":50,"column":70}},"29":{"start":{"line":51,"column":10},"end":{"line":51,"column":40}},"30":{"start":{"line":52,"column":10},"end":{"line":52,"column":31}},"31":{"start":{"line":53,"column":10},"end":{"line":53,"column":28}},"32":{"start":{"line":54,"column":10},"end":{"line":57,"column":18}},"33":{"start":{"line":55,"column":12},"end":{"line":55,"column":25}},"34":{"start":{"line":56,"column":12},"end":{"line":56,"column":31}},"35":{"start":{"line":60,"column":10},"end":{"line":60,"column":78}},"36":{"start":{"line":61,"column":10},"end":{"line":61,"column":31}},"37":{"start":{"line":62,"column":10},"end":{"line":62,"column":29}},"38":{"start":{"line":63,"column":10},"end":{"line":63,"column":38}},"39":{"start":{"line":68,"column":8},"end":{"line":68,"column":64}},"40":{"start":{"line":69,"column":8},"end":{"line":77,"column":9}},"41":{"start":{"line":70,"column":10},"end":{"line":74,"column":11}},"42":{"start":{"line":71,"column":12},"end":{"line":71,"column":51}},"43":{"start":{"line":73,"column":12},"end":{"line":73,"column":116}},"44":{"start":{"line":76,"column":10},"end":{"line":76,"column":68}},"45":{"start":{"line":78,"column":8},"end":{"line":78,"column":36}},"46":{"start":{"line":79,"column":8},"end":{"line":79,"column":29}},"47":{"start":{"line":81,"column":8},"end":{"line":81,"column":27}},"48":{"start":{"line":86,"column":28},"end":{"line":89,"column":3}},"49":{"start":{"line":87,"column":4},"end":{"line":87,"column":28}},"50":{"start":{"line":88,"column":4},"end":{"line":88,"column":16}},"51":{"start":{"line":91,"column":26},"end":{"line":95,"column":3}},"52":{"start":{"line":92,"column":4},"end":{"line":94,"column":5}},"53":{"start":{"line":93,"column":6},"end":{"line":93,"column":47}},"54":{"start":{"line":97,"column":2},"end":{"line":146,"column":3}}},"fnMap":{"0":{"name":"(anonymous_0)","decl":{"start":{"line":12,"column":33},"end":{"line":12,"column":34}},"loc":{"start":{"line":12,"column":39},"end":{"line":147,"column":1}},"line":12},"1":{"name":"(anonymous_1)","decl":{"start":{"line":21,"column":24},"end":{"line":21,"column":25}},"loc":{"start":{"line":21,"column":43},"end":{"line":24,"column":3}},"line":21},"2":{"name":"(anonymous_2)","decl":{"start":{"line":26,"column":30},"end":{"line":26,"column":31}},"loc":{"start":{"line":26,"column":89},"end":{"line":31,"column":3}},"line":26},"3":{"name":"(anonymous_3)","decl":{"start":{"line":33,"column":23},"end":{"line":33,"column":24}},"loc":{"start":{"line":33,"column":53},"end":{"line":84,"column":3}},"line":33},"4":{"name":"(anonymous_4)","decl":{"start":{"line":54,"column":21},"end":{"line":54,"column":22}},"loc":{"start":{"line":54,"column":27},"end":{"line":57,"column":11}},"line":54},"5":{"name":"(anonymous_5)","decl":{"start":{"line":86,"column":28},"end":{"line":86,"column":29}},"loc":{"start":{"line":86,"column":72},"end":{"line":89,"column":3}},"line":86},"6":{"name":"(anonymous_6)","decl":{"start":{"line":91,"column":26},"end":{"line":91,"column":27}},"loc":{"start":{"line":91,"column":32},"end":{"line":95,"column":3}},"line":91}},"branchMap":{"0":{"loc":{"start":{"line":27,"column":4},"end":{"line":29,"column":5}},"type":"if","locations":[{"start":{"line":27,"column":4},"end":{"line":29,"column":5}},{"start":{},"end":{}}],"line":27},"1":{"loc":{"start":{"line":35,"column":4},"end":{"line":83,"column":5}},"type":"if","locations":[{"start":{"line":35,"column":4},"end":{"line":83,"column":5}},{"start":{"line":37,"column":11},"end":{"line":83,"column":5}}],"line":35},"2":{"loc":{"start":{"line":37,"column":11},"end":{"line":83,"column":5}},"type":"if","locations":[{"start":{"line":37,"column":11},"end":{"line":83,"column":5}},{"start":{"line":39,"column":11},"end":{"line":83,"column":5}}],"line":37},"3":{"loc":{"start":{"line":47,"column":8},"end":{"line":65,"column":9}},"type":"if","locations":[{"start":{"line":47,"column":8},"end":{"line":65,"column":9}},{"start":{"line":59,"column":13},"end":{"line":65,"column":9}}],"line":47},"4":{"loc":{"start":{"line":60,"column":29},"end":{"line":60,"column":77}},"type":"binary-expr","locations":[{"start":{"line":60,"column":29},"end":{"line":60,"column":50}},{"start":{"line":60,"column":54},"end":{"line":60,"column":77}}],"line":60},"5":{"loc":{"start":{"line":69,"column":8},"end":{"line":77,"column":9}},"type":"if","locations":[{"start":{"line":69,"column":8},"end":{"line":77,"column":9}},{"start":{"line":75,"column":15},"end":{"line":77,"column":9}}],"line":69},"6":{"loc":{"start":{"line":69,"column":12},"end":{"line":69,"column":55}},"type":"binary-expr","locations":[{"start":{"line":69,"column":12},"end":{"line":69,"column":37}},{"start":{"line":69,"column":41},"end":{"line":69,"column":55}}],"line":69},"7":{"loc":{"start":{"line":70,"column":10},"end":{"line":74,"column":11}},"type":"if","locations":[{"start":{"line":70,"column":10},"end":{"line":74,"column":11}},{"start":{"line":72,"column":17},"end":{"line":74,"column":11}}],"line":70},"8":{"loc":{"start":{"line":70,"column":14},"end":{"line":70,"column":132}},"type":"binary-expr","locations":[{"start":{"line":70,"column":14},"end":{"line":70,"column":43}},{"start":{"line":70,"column":47},"end":{"line":70,"column":132}}],"line":70},"9":{"loc":{"start":{"line":73,"column":31},"end":{"line":73,"column":115}},"type":"binary-expr","locations":[{"start":{"line":73,"column":31},"end":{"line":73,"column":58}},{"start":{"line":73,"column":62},"end":{"line":73,"column":115}}],"line":73},"10":{"loc":{"start":{"line":92,"column":4},"end":{"line":94,"column":5}},"type":"if","locations":[{"start":{"line":92,"column":4},"end":{"line":94,"column":5}},{"start":{},"end":{}}],"line":92},"11":{"loc":{"start":{"line":92,"column":8},"end":{"line":92,"column":38}},"type":"binary-expr","locations":[{"start":{"line":92,"column":8},"end":{"line":92,"column":13}},{"start":{"line":92,"column":17},"end":{"line":92,"column":38}}],"line":92},"12":{"loc":{"start":{"line":103,"column":9},"end":{"line":103,"column":32}},"type":"binary-expr","locations":[{"start":{"line":103,"column":9},"end":{"line":103,"column":18}},{"start":{"line":103,"column":22},"end":{"line":103,"column":32}}],"line":103},"13":{"loc":{"start":{"line":110,"column":15},"end":{"line":110,"column":74}},"type":"binary-expr","locations":[{"start":{"line":110,"column":15},"end":{"line":110,"column":20}},{"start":{"line":110,"column":24},"end":{"line":110,"column":74}}],"line":110},"14":{"loc":{"start":{"line":118,"column":46},"end":{"line":118,"column":76}},"type":"cond-expr","locations":[{"start":{"line":118,"column":54},"end":{"line":118,"column":71}},{"start":{"line":118,"column":74},"end":{"line":118,"column":76}}],"line":118},"15":{"loc":{"start":{"line":134,"column":15},"end":{"line":134,"column":53}},"type":"cond-expr","locations":[{"start":{"line":134,"column":27},"end":{"line":134,"column":42}},{"start":{"line":134,"column":45},"end":{"line":134,"column":53}}],"line":134}},"s":{"0":0,"1":0,"2":0,"3":0,"4":0,"5":0,"6":0,"7":0,"8":0,"9":0,"10":0,"11":0,"12":0,"13":0,"14":0,"15":0,"16":0,"17":0,"18":0,"19":0,"20":0,"21":0,"22":0,"23":0,"24":0,"25":0,"26":0,"27":0,"28":0,"29":0,"30":0,"31":0,"32":0,"33":0,"34":0,"35":0,"36":0,"37":0,"38":0,"39":0,"40":0,"41":0,"42":0,"43":0,"44":0,"45":0,"46":0,"47":0,"48":0,"49":0,"50":0,"51":0,"52":0,"53":0,"54":0},"f":{"0":0,"1":0,"2":0,"3":0,"4":0,"5":0,"6":0},"b":{"0":[0,0],"1":[0,0],"2":[0,0],"3":[0,0],"4":[0,0],"5":[0,0],"6":[0,0],"7":[0,0],"8":[0,0],"9":[0,0],"10":[0,0],"11":[0,0],"12":[0,0],"13":[0,0],"14":[0,0],"15":[0,0]}}
,"C:\\Users\\Tringapps-User27\\Documents\\GitHub\\fraxioned_ui\\src\\Components\\Home\\Home.tsx": {"path":"C:\\Users\\Tringapps-User27\\Documents\\GitHub\\fraxioned_ui\\src\\Components\\Home\\Home.tsx","statementMap":{"0":{"start":{"line":8,"column":23},"end":{"line":135,"column":1}},"1":{"start":{"line":9,"column":2},"end":{"line":134,"column":3}}},"fnMap":{"0":{"name":"(anonymous_0)","decl":{"start":{"line":8,"column":23},"end":{"line":8,"column":24}},"loc":{"start":{"line":8,"column":29},"end":{"line":135,"column":1}},"line":8}},"branchMap":{},"s":{"0":0,"1":0},"f":{"0":0},"b":{}}
,"C:\\Users\\Tringapps-User27\\Documents\\GitHub\\fraxioned_ui\\src\\Components\\Home\\HomeCard.tsx": {"path":"C:\\Users\\Tringapps-User27\\Documents\\GitHub\\fraxioned_ui\\src\\Components\\Home\\HomeCard.tsx","statementMap":{"0":{"start":{"line":14,"column":42},"end":{"line":44,"column":1}},"1":{"start":{"line":21,"column":2},"end":{"line":43,"column":3}}},"fnMap":{"0":{"name":"(anonymous_0)","decl":{"start":{"line":14,"column":42},"end":{"line":14,"column":43}},"loc":{"start":{"line":20,"column":6},"end":{"line":44,"column":1}},"line":20}},"branchMap":{},"s":{"0":0,"1":0},"f":{"0":0},"b":{}}
,"C:\\Users\\Tringapps-User27\\Documents\\GitHub\\fraxioned_ui\\src\\Components\\Home\\HomeDataFetchers.ts": {"path":"C:\\Users\\Tringapps-User27\\Documents\\GitHub\\fraxioned_ui\\src\\Components\\Home\\HomeDataFetchers.ts","statementMap":{"0":{"start":{"line":4,"column":29},"end":{"line":28,"column":1}},"1":{"start":{"line":5,"column":2},"end":{"line":27,"column":3}},"2":{"start":{"line":30,"column":34},"end":{"line":54,"column":1}},"3":{"start":{"line":31,"column":2},"end":{"line":53,"column":3}},"4":{"start":{"line":56,"column":35},"end":{"line":62,"column":1}},"5":{"start":{"line":57,"column":2},"end":{"line":61,"column":3}}},"fnMap":{"0":{"name":"(anonymous_0)","decl":{"start":{"line":4,"column":29},"end":{"line":4,"column":30}},"loc":{"start":{"line":4,"column":62},"end":{"line":28,"column":1}},"line":4},"1":{"name":"(anonymous_1)","decl":{"start":{"line":30,"column":34},"end":{"line":30,"column":35}},"loc":{"start":{"line":30,"column":72},"end":{"line":54,"column":1}},"line":30},"2":{"name":"(anonymous_2)","decl":{"start":{"line":56,"column":35},"end":{"line":56,"column":36}},"loc":{"start":{"line":56,"column":74},"end":{"line":62,"column":1}},"line":56}},"branchMap":{},"s":{"0":0,"1":0,"2":0,"3":0,"4":0,"5":0},"f":{"0":0,"1":0,"2":0},"b":{}}
,"C:\\Users\\Tringapps-User27\\Documents\\GitHub\\fraxioned_ui\\src\\Components\\Home\\OffSeasonCard.tsx": {"path":"C:\\Users\\Tringapps-User27\\Documents\\GitHub\\fraxioned_ui\\src\\Components\\Home\\OffSeasonCard.tsx","statementMap":{"0":{"start":{"line":17,"column":52},"end":{"line":76,"column":1}},"1":{"start":{"line":23,"column":2},"end":{"line":75,"column":3}}},"fnMap":{"0":{"name":"(anonymous_0)","decl":{"start":{"line":17,"column":52},"end":{"line":17,"column":53}},"loc":{"start":{"line":22,"column":6},"end":{"line":76,"column":1}},"line":22}},"branchMap":{},"s":{"0":0,"1":0},"f":{"0":0},"b":{}}
,"C:\\Users\\Tringapps-User27\\Documents\\GitHub\\fraxioned_ui\\src\\Components\\Home\\PeakSeasonCard.tsx": {"path":"C:\\Users\\Tringapps-User27\\Documents\\GitHub\\fraxioned_ui\\src\\Components\\Home\\PeakSeasonCard.tsx","statementMap":{"0":{"start":{"line":11,"column":54},"end":{"line":49,"column":1}},"1":{"start":{"line":16,"column":2},"end":{"line":48,"column":3}}},"fnMap":{"0":{"name":"(anonymous_0)","decl":{"start":{"line":11,"column":54},"end":{"line":11,"column":55}},"loc":{"start":{"line":15,"column":6},"end":{"line":49,"column":1}},"line":15}},"branchMap":{},"s":{"0":0,"1":0},"f":{"0":0},"b":{}}
,"C:\\Users\\Tringapps-User27\\Documents\\GitHub\\fraxioned_ui\\src\\Components\\Home\\types.ts": {"path":"C:\\Users\\Tringapps-User27\\Documents\\GitHub\\fraxioned_ui\\src\\Components\\Home\\types.ts","statementMap":{},"fnMap":{},"branchMap":{},"s":{},"f":{},"b":{}}
,"C:\\Users\\Tringapps-User27\\Documents\\GitHub\\fraxioned_ui\\src\\Components\\Home\\Cards\\Card.tsx": {"path":"C:\\Users\\Tringapps-User27\\Documents\\GitHub\\fraxioned_ui\\src\\Components\\Home\\Cards\\Card.tsx","statementMap":{"0":{"start":{"line":14,"column":34},"end":{"line":31,"column":1}},"1":{"start":{"line":15,"column":20},"end":{"line":15,"column":54}},"2":{"start":{"line":17,"column":2},"end":{"line":30,"column":3}}},"fnMap":{"0":{"name":"(anonymous_0)","decl":{"start":{"line":14,"column":34},"end":{"line":14,"column":35}},"loc":{"start":{"line":14,"column":76},"end":{"line":31,"column":1}},"line":14}},"branchMap":{"0":{"loc":{"start":{"line":15,"column":20},"end":{"line":15,"column":54}},"type":"cond-expr","locations":[{"start":{"line":15,"column":25},"end":{"line":15,"column":44}},{"start":{"line":15,"column":47},"end":{"line":15,"column":54}}],"line":15},"1":{"loc":{"start":{"line":22,"column":9},"end":{"line":22,"column":47}},"type":"binary-expr","locations":[{"start":{"line":22,"column":9},"end":{"line":22,"column":11}},{"start":{"line":22,"column":15},"end":{"line":22,"column":47}}],"line":22}},"s":{"0":0,"1":0,"2":0},"f":{"0":0},"b":{"0":[0,0],"1":[0,0]}}
,"C:\\Users\\Tringapps-User27\\Documents\\GitHub\\fraxioned_ui\\src\\Components\\Home\\DatesContainer\\AddDates.tsx": {"path":"C:\\Users\\Tringapps-User27\\Documents\\GitHub\\fraxioned_ui\\src\\Components\\Home\\DatesContainer\\AddDates.tsx","statementMap":{"0":{"start":{"line":3,"column":17},"end":{"line":13,"column":1}},"1":{"start":{"line":4,"column":2},"end":{"line":12,"column":3}}},"fnMap":{"0":{"name":"(anonymous_0)","decl":{"start":{"line":3,"column":17},"end":{"line":3,"column":18}},"loc":{"start":{"line":3,"column":23},"end":{"line":13,"column":1}},"line":3}},"branchMap":{},"s":{"0":0,"1":0},"f":{"0":0},"b":{}}
,"C:\\Users\\Tringapps-User27\\Documents\\GitHub\\fraxioned_ui\\src\\Components\\Home\\DatesContainer\\Card-item.tsx": {"path":"C:\\Users\\Tringapps-User27\\Documents\\GitHub\\fraxioned_ui\\src\\Components\\Home\\DatesContainer\\Card-item.tsx","statementMap":{"0":{"start":{"line":4,"column":17},"end":{"line":139,"column":1}},"1":{"start":{"line":5,"column":40},"end":{"line":5,"column":51}},"2":{"start":{"line":6,"column":44},"end":{"line":6,"column":55}},"3":{"start":{"line":7,"column":42},"end":{"line":7,"column":53}},"4":{"start":{"line":8,"column":36},"end":{"line":8,"column":47}},"5":{"start":{"line":9,"column":42},"end":{"line":9,"column":57}},"6":{"start":{"line":11,"column":25},"end":{"line":15,"column":3}},"7":{"start":{"line":12,"column":4},"end":{"line":14,"column":5}},"8":{"start":{"line":13,"column":6},"end":{"line":13,"column":37}},"9":{"start":{"line":17,"column":25},"end":{"line":19,"column":3}},"10":{"start":{"line":18,"column":4},"end":{"line":18,"column":35}},"11":{"start":{"line":21,"column":27},"end":{"line":25,"column":3}},"12":{"start":{"line":22,"column":4},"end":{"line":24,"column":5}},"13":{"start":{"line":23,"column":6},"end":{"line":23,"column":41}},"14":{"start":{"line":27,"column":27},"end":{"line":29,"column":3}},"15":{"start":{"line":28,"column":4},"end":{"line":28,"column":39}},"16":{"start":{"line":31,"column":26},"end":{"line":35,"column":3}},"17":{"start":{"line":32,"column":4},"end":{"line":34,"column":5}},"18":{"start":{"line":33,"column":6},"end":{"line":33,"column":39}},"19":{"start":{"line":37,"column":26},"end":{"line":39,"column":3}},"20":{"start":{"line":38,"column":4},"end":{"line":38,"column":37}},"21":{"start":{"line":41,"column":23},"end":{"line":45,"column":3}},"22":{"start":{"line":42,"column":4},"end":{"line":44,"column":5}},"23":{"start":{"line":43,"column":6},"end":{"line":43,"column":33}},"24":{"start":{"line":47,"column":23},"end":{"line":49,"column":3}},"25":{"start":{"line":48,"column":4},"end":{"line":48,"column":31}},"26":{"start":{"line":51,"column":25},"end":{"line":53,"column":3}},"27":{"start":{"line":52,"column":4},"end":{"line":52,"column":34}},"28":{"start":{"line":55,"column":26},"end":{"line":57,"column":3}},"29":{"start":{"line":56,"column":4},"end":{"line":56,"column":23}},"30":{"start":{"line":59,"column":2},"end":{"line":138,"column":3}}},"fnMap":{"0":{"name":"(anonymous_0)","decl":{"start":{"line":4,"column":17},"end":{"line":4,"column":18}},"loc":{"start":{"line":4,"column":23},"end":{"line":139,"column":1}},"line":4},"1":{"name":"(anonymous_1)","decl":{"start":{"line":11,"column":25},"end":{"line":11,"column":26}},"loc":{"start":{"line":11,"column":31},"end":{"line":15,"column":3}},"line":11},"2":{"name":"(anonymous_2)","decl":{"start":{"line":17,"column":25},"end":{"line":17,"column":26}},"loc":{"start":{"line":17,"column":31},"end":{"line":19,"column":3}},"line":17},"3":{"name":"(anonymous_3)","decl":{"start":{"line":21,"column":27},"end":{"line":21,"column":28}},"loc":{"start":{"line":21,"column":33},"end":{"line":25,"column":3}},"line":21},"4":{"name":"(anonymous_4)","decl":{"start":{"line":27,"column":27},"end":{"line":27,"column":28}},"loc":{"start":{"line":27,"column":33},"end":{"line":29,"column":3}},"line":27},"5":{"name":"(anonymous_5)","decl":{"start":{"line":31,"column":26},"end":{"line":31,"column":27}},"loc":{"start":{"line":31,"column":32},"end":{"line":35,"column":3}},"line":31},"6":{"name":"(anonymous_6)","decl":{"start":{"line":37,"column":26},"end":{"line":37,"column":27}},"loc":{"start":{"line":37,"column":32},"end":{"line":39,"column":3}},"line":37},"7":{"name":"(anonymous_7)","decl":{"start":{"line":41,"column":23},"end":{"line":41,"column":24}},"loc":{"start":{"line":41,"column":29},"end":{"line":45,"column":3}},"line":41},"8":{"name":"(anonymous_8)","decl":{"start":{"line":47,"column":23},"end":{"line":47,"column":24}},"loc":{"start":{"line":47,"column":29},"end":{"line":49,"column":3}},"line":47},"9":{"name":"(anonymous_9)","decl":{"start":{"line":51,"column":25},"end":{"line":51,"column":26}},"loc":{"start":{"line":51,"column":31},"end":{"line":53,"column":3}},"line":51},"10":{"name":"(anonymous_10)","decl":{"start":{"line":55,"column":26},"end":{"line":55,"column":27}},"loc":{"start":{"line":55,"column":51},"end":{"line":57,"column":3}},"line":55}},"branchMap":{"0":{"loc":{"start":{"line":12,"column":4},"end":{"line":14,"column":5}},"type":"if","locations":[{"start":{"line":12,"column":4},"end":{"line":14,"column":5}},{"start":{},"end":{}}],"line":12},"1":{"loc":{"start":{"line":22,"column":4},"end":{"line":24,"column":5}},"type":"if","locations":[{"start":{"line":22,"column":4},"end":{"line":24,"column":5}},{"start":{},"end":{}}],"line":22},"2":{"loc":{"start":{"line":32,"column":4},"end":{"line":34,"column":5}},"type":"if","locations":[{"start":{"line":32,"column":4},"end":{"line":34,"column":5}},{"start":{},"end":{}}],"line":32},"3":{"loc":{"start":{"line":42,"column":4},"end":{"line":44,"column":5}},"type":"if","locations":[{"start":{"line":42,"c
[...]
n":26},"end":{"line":113,"column":1}},"26":{"start":{"line":98,"column":4},"end":{"line":111,"column":5}},"27":{"start":{"line":99,"column":20},"end":{"line":99,"column":43}},"28":{"start":{"line":100,"column":27},"end":{"line":100,"column":52}},"29":{"start":{"line":102,"column":6},"end":{"line":105,"column":7}},"30":{"start":{"line":103,"column":8},"end":{"line":103,"column":68}},"31":{"start":{"line":104,"column":8},"end":{"line":104,"column":28}},"32":{"start":{"line":107,"column":6},"end":{"line":107,"column":12}},"33":{"start":{"line":110,"column":6},"end":{"line":110,"column":64}},"34":{"start":{"line":115,"column":18},"end":{"line":172,"column":2}},"35":{"start":{"line":123,"column":6},"end":{"line":123,"column":38}},"36":{"start":{"line":124,"column":6},"end":{"line":124,"column":44}},"37":{"start":{"line":125,"column":6},"end":{"line":125,"column":54}},"38":{"start":{"line":126,"column":6},"end":{"line":126,"column":71}},"39":{"start":{"line":127,"column":6},"end":{"line":127,"column":77}},"40":{"start":{"line":130,"column":6},"end":{"line":130,"column":23}},"41":{"start":{"line":131,"column":6},"end":{"line":131,"column":26}},"42":{"start":{"line":132,"column":6},"end":{"line":132,"column":27}},"43":{"start":{"line":133,"column":6},"end":{"line":133,"column":37}},"44":{"start":{"line":134,"column":6},"end":{"line":134,"column":40}},"45":{"start":{"line":135,"column":6},"end":{"line":135,"column":44}},"46":{"start":{"line":136,"column":6},"end":{"line":136,"column":26}},"47":{"start":{"line":140,"column":4},"end":{"line":170,"column":8}},"48":{"start":{"line":142,"column":8},"end":{"line":142,"column":28}},"49":{"start":{"line":143,"column":8},"end":{"line":143,"column":26}},"50":{"start":{"line":148,"column":10},"end":{"line":148,"column":42}},"51":{"start":{"line":149,"column":10},"end":{"line":149,"column":48}},"52":{"start":{"line":150,"column":10},"end":{"line":150,"column":58}},"53":{"start":{"line":151,"column":10},"end":{"line":151,"column":31}},"54":{"start":{"line":152,"column":10},"end":{"line":152,"column":28}},"55":{"start":{"line":156,"column":8},"end":{"line":156,"column":29}},"56":{"start":{"line":157,"column":8},"end":{"line":157,"column":46}},"57":{"start":{"line":160,"column":8},"end":{"line":160,"column":25}},"58":{"start":{"line":161,"column":8},"end":{"line":161,"column":28}},"59":{"start":{"line":162,"column":8},"end":{"line":162,"column":29}},"60":{"start":{"line":163,"column":8},"end":{"line":163,"column":39}},"61":{"start":{"line":164,"column":8},"end":{"line":164,"column":42}},"62":{"start":{"line":165,"column":8},"end":{"line":165,"column":46}},"63":{"start":{"line":166,"column":8},"end":{"line":166,"column":28}},"64":{"start":{"line":169,"column":8},"end":{"line":169,"column":46}},"65":{"start":{"line":174,"column":42},"end":{"line":174,"column":59}},"66":{"start":{"line":177,"column":33},"end":{"line":177,"column":80}},"67":{"start":{"line":177,"column":65},"end":{"line":177,"column":80}},"68":{"start":{"line":178,"column":29},"end":{"line":178,"column":79}},"69":{"start":{"line":178,"column":61},"end":{"line":178,"column":79}},"70":{"start":{"line":179,"column":33},"end":{"line":180,"column":20}},"71":{"start":{"line":180,"column":2},"end":{"line":180,"column":20}},"72":{"start":{"line":181,"column":31},"end":{"line":181,"column":79}},"73":{"start":{"line":181,"column":63},"end":{"line":181,"column":79}}},"fnMap":{"0":{"name":"(anonymous_0)","decl":{"start":{"line":34,"column":34},"end":{"line":34,"column":35}},"loc":{"start":{"line":34,"column":51},"end":{"line":60,"column":1}},"line":34},"1":{"name":"(anonymous_1)","decl":{"start":{"line":66,"column":2},"end":{"line":66,"column":3}},"loc":{"start":{"line":69,"column":7},"end":{"line":92,"column":3}},"line":69},"2":{"name":"(anonymous_2)","decl":{"start":{"line":97,"column":2},"end":{"line":97,"column":3}},"loc":{"start":{"line":97,"column":46},"end":{"line":112,"column":3}},"line":97},"3":{"name":"(anonymous_3)","decl":{"start":{"line":119,"column":20},"end":{"line":119,"column":21}},"loc":{"start":{"line":122,"column":9},"end":{"line":128,"column":5}},"line":122},"4":{"name":"(anonymous_4)","decl":{"start":{"line":129,"column":12},"end":{"line":129,"column":13}},"loc":{"start":{"line":129,"column":23},"end":{"line":137,"column":5}},"line":129},"5":{"name":"(anonymous_5)","decl":{"start":{"line":139,"column":17},"end":{"line":139,"column":18}},"loc":{"start":{"line":139,"column":30},"end":{"line":171,"column":3}},"line":139},"6":{"name":"(anonymous_6)","decl":{"start":{"line":141,"column":30},"end":{"line":141,"column":31}},"loc":{"start":{"line":141,"column":41},"end":{"line":144,"column":7}},"line":141},"7":{"name":"(anonymous_7)","decl":{"start":{"line":147,"column":8},"end":{"line":147,"column":9}},"loc":{"start":{"line":147,"column":76},"end":{"line":153,"column":9}},"line":147},"8":{"name":"(anonymous_8)","decl":{"start":{"line":155,"column":31},"end":{"line":155,"column":32}},"loc":{"start":{"line":155,"column":50},"end":{"line":158,"column":7}},"line":155},"9":{"name":"(anonymous_9)","decl":{"start":{"line":159,"column":37},"end":{"line":159,"column":38}},"loc":{"start":{"line":159,"column":48},"end":{"line":167,"column":7}},"line":159},"10":{"name":"(anonymous_10)","decl":{"start":{"line":168,"column":36},"end":{"line":168,"column":37}},"loc":{"start":{"line":168,"column":55},"end":{"line":170,"column":7}},"line":168},"11":{"name":"(anonymous_11)","decl":{"start":{"line":177,"column":33},"end":{"line":177,"column":34}},"loc":{"start":{"line":177,"column":65},"end":{"line":177,"column":80}},"line":177},"12":{"name":"(anonymous_12)","decl":{"start":{"line":178,"column":29},"end":{"line":178,"column":30}},"loc":{"start":{"line":178,"column":61},"end":{"line":178,"column":79}},"line":178},"13":{"name":"(anonymous_13)","decl":{"start":{"line":179,"column":33},"end":{"line":179,"column":34}},"loc":{"start":{"line":180,"column":2},"end":{"line":180,"column":20}},"line":180},"14":{"name":"(anonymous_14)","decl":{"start":{"line":181,"column":31},"end":{"line":181,"column":32}},"loc":{"start":{"line":181,"column":63},"end":{"line":181,"column":79}},"line":181}},"branchMap":{"0":{"loc":{"start":{"line":38,"column":4},"end":{"line":48,"column":5}},"type":"if","locations":[{"start":{"line":38,"column":4},"end":{"line":48,"column":5}},{"start":{},"end":{}}],"line":38},"1":{"loc":{"start":{"line":38,"column":8},"end":{"line":38,"column":23}},"type":"binary-expr","locations":[{"start":{"line":38,"column":8},"end":{"line":38,"column":12}},{"start":{"line":38,"column":16},"end":{"line":38,"column":23}}],"line":38},"2":{"loc":{"start":{"line":76,"column":6},"end":{"line":84,"column":7}},"type":"if","locations":[{"start":{"line":76,"column":6},"end":{"line":84,"column":7}},{"start":{"line":82,"column":13},"end":{"line":84,"column":7}}],"line":76},"3":{"loc":{"start":{"line":76,"column":10},"end":{"line":76,"column":77}},"type":"binary-expr","locations":[{"start":{"line":76,"column":10},"end":{"line":76,"column":45}},{"start":{"line":76,"column":49},"end":{"line":76,"column":77}}],"line":76},"4":{"loc":{"start":{"line":87,"column":6},"end":{"line":89,"column":7}},"type":"if","locations":[{"start":{"line":87,"column":6},"end":{"line":89,"column":7}},{"start":{},"end":{}}],"line":87},"5":{"loc":{"start":{"line":87,"column":10},"end":{"line":87,"column":47}},"type":"binary-expr","locations":[{"start":{"line":87,"column":10},"end":{"line":87,"column":24}},{"start":{"line":87,"column":28},"end":{"line":87,"column":47}}],"line":87},"6":{"loc":{"start":{"line":102,"column":6},"end":{"line":105,"column":7}},"type":"if","locations":[{"start":{"line":102,"column":6},"end":{"line":105,"column":7}},{"start":{},"end":{}}],"line":102}},"s":{"0":0,"1":0,"2":0,"3":0,"4":0,"5":0,"6":0,"7":0,"8":0,"9":0,"10":0,"11":0,"12":0,"13":0,"14":0,"15":0,"16":0,"17":0,"18":0,"19":0,"20":0,"21":0,"22":0,"23":0,"24":0,"25":0,"26":0,"27":0,"28":0,"29":0,"30":0,"31":0,"32":0,"33":0,"34":0,"35":0,"36":0,"37":0,"38":0,"39":0,"40":0,"41":0,"42":0,"43":0,"44":0,"45":0,"46":0,"47":0,"48":0,"49":0,"50":0,"51":0,"52":0,"53":0,"54":0,"55":0,"56":0,"57":0,"58":0,"59":0,"60":0,"61":0,"62":0,"63":0,"64":0,"65":0,"66":0,"67":0,"68":0,"69":0,"70":0,"71":0,"72":0,"73":0},"f":{"0":0,"1":0,"2":0,"3":0,"4":0,"5":0,"6":0,"7":0,"8":0,"9":0,"10":0,"11":0,"12":0,"13":0,"14":0},"b":{"0":[0,0],"1":[0,0],"2":[0,0],"3":[0,0],"4":[0,0],"5":[0,0],"6":[0,0]}}
,"C:\\Users\\Tringapps-User27\\Documents\\GitHub\\fraxioned_ui\\src\\Redux\\slice\\auth\\forgotPasswordSlice.ts": {"path":"C:\\Users\\Tringapps-User27\\Documents\\GitHub\\fraxioned_ui\\src\\Redux\\slice\\auth\\forgotPasswordSlice.ts","statementMap":{"0":{"start":{"line":22,"column":42},"end":{"line":26,"column":1}},"1":{"start":{"line":28,"column":28},"end":{"line":53,"column":2}},"2":{"start":{"line":33,"column":6},"end":{"line":33,"column":26}},"3":{"start":{"line":34,"column":6},"end":{"line":34,"column":33}},"4":{"start":{"line":35,"column":6},"end":{"line":35,"column":31}},"5":{"start":{"line":38,"column":6},"end":{"line":38,"column":27}},"6":{"start":{"line":39,"column":6},"end":{"line":39,"column":43}},"7":{"start":{"line":40,"column":6},"end":{"line":40,"column":31}},"8":{"start":{"line":43,"column":6},"end":{"line":43,"column":27}},"9":{"start":{"line":44,"column":6},"end":{"line":44,"column":33}},"10":{"start":{"line":45,"column":6},"end":{"line":45,"column":41}},"11":{"start":{"line":48,"column":6},"end":{"line":48,"column":27}},"12":{"start":{"line":49,"column":6},"end":{"line":49,"column":33}},"13":{"start":{"line":50,"column":6},"end":{"line":50,"column":31}},"14":{"start":{"line":60,"column":4},"end":{"line":60,"column":31}},"15":{"start":{"line":65,"column":2},"end":{"line":110,"column":3}},"16":{"start":{"line":66,"column":2},"end":{"line":110,"column":3}},"17":{"start":{"line":67,"column":4},"end":{"line":109,"column":5}},"18":{"start":{"line":68,"column":6},"end":{"line":68,"column":37}},"19":{"start":{"line":69,"column":23},"end":{"line":71,"column":8}},"20":{"start":{"line":72,"column":19},"end":{"line":72,"column":32}},"21":{"start":{"line":74,"column":6},"end":{"line":80,"column":7}},"22":{"start":{"line":75,"column":8},"end":{"line":77,"column":9}},"23":{"start":{"line":79,"column":8},"end":{"line":79,"column":69}},"24":{"start":{"line":82,"column":6},"end":{"line":108,"column":7}},"25":{"start":{"line":83,"column":33},"end":{"line":83,"column":47}},"26":{"start":{"line":85,"column":8},"end":{"line":105,"column":9}},"27":{"start":{"line":86,"column":10},"end":{"line":88,"column":11}},"28":{"start":{"line":89,"column":15},"end":{"line":105,"column":9}},"29":{"start":{"line":93,"column":10},"end":{"line":97,"column":11}},"30":{"start":{"line":98,"column":15},"end":{"line":105,"column":9}},"31":{"start":{"line":102,"column":10},"end":{"line":102,"column":59}},"32":{"start":{"line":104,"column":10},"end":{"line":104,"column":60}},"33":{"start":{"line":107,"column":8},"end":{"line":107,"column":79}}},"fnMap":{"0":{"name":"(anonymous_0)","decl":{"start":{"line":32,"column":25},"end":{"line":32,"column":26}},"loc":{"start":{"line":32,"column":36},"end":{"line":36,"column":5}},"line":32},"1":{"name":"(anonymous_1)","decl":{"start":{"line":37,"column":27},"end":{"line":37,"column":28}},"loc":{"start":{"line":37,"column":69},"end":{"line":41,"column":5}},"line":37},"2":{"name":"(anonymous_2)","decl":{"start":{"line":42,"column":27},"end":{"line":42,"column":28}},"loc":{"start":{"line":42,"column":69},"end":{"line":46,"column":5}},"line":42},"3":{"name":"(anonymous_3)","decl":{"start":{"line":47,"column":16},"end":{"line":47,"column":17}},"loc":{"start":{"line":47,"column":27},"end":{"line":51,"column":5}},"line":47},"4":{"name":"(anonymous_4)","decl":{"start":{"line":65,"column":2},"end":{"line":65,"column":3}},"loc":{"start":{"line":66,"column":2},"end":{"line":110,"column":3}},"line":66},"5":{"name":"(anonymous_5)","decl":{"start":{"line":66,"column":2},"end":{"line":66,"column":3}},"loc":{"start":{"line":66,"column":32},"end":{"line":110,"column":3}},"line":66}},"branchMap":{"0":{"loc":{"start":{"line":74,"column":6},"end":{"line":80,"column":7}},"type":"if","locations":[{"start":{"line":74,"column":6},"end":{"line":80,"column":7}},{"start":{"line":78,"column":13},"end":{"line":80,"column":7}}],"line":74},"1":{"loc":{"start":{"line":74,"column":10},"end":{"line":74,"column":49}},"type":"binary-expr","locations":[{"start":{"line":74,"column":10},"end":{"line":74,"column":22}},{"start":{"line":74,"column":26},"end":{"line":74,"column":49}}],"line":74},"2":{"loc":{"start":{"line":82,"column":6},"end":{"line":108,"column":7}},"type":"if","locations":[{"start":{"line":82,"column":6},"end":{"line":108,"column":7}},{"start":{"line":106,"column":13},"end":{"line":108,"column":7}}],"line":82},"3":{"loc":{"start":{"line":85,"column":8},"end":{"line":105,"column":9}},"type":"if","locations":[{"start":{"line":85,"column":8},"end":{"line":105,"column":9}},{"start":{"line":89,"column":15},"end":{"line":105,"column":9}}],"line":85},"4":{"loc":{"start":{"line":89,"column":15},"end":{"line":105,"column":9}},"type":"if","locations":[{"start":{"line":89,"column":15},"end":{"line":105,"column":9}},{"start":{"line":98,"column":15},"end":{"line":105,"column":9}}],"line":89},"5":{"loc":{"start":{"line":90,"column":10},"end":{"line":91,"column":58}},"type":"binary-expr","locations":[{"start":{"line":90,"column":10},"end":{"line":90,"column":24}},{"start":{"line":91,"column":10},"end":{"line":91,"column":58}}],"line":90},"6":{"loc":{"start":{"line":98,"column":15},"end":{"line":105,"column":9}},"type":"if","locations":[{"start":{"line":98,"column":15},"end":{"line":105,"column":9}},{"start":{"line":103,"column":15},"end":{"line":105,"column":9}}],"line":98},"7":{"loc":{"start":{"line":99,"column":10},"end":{"line":100,"column":80}},"type":"binary-expr","locations":[{"start":{"line":99,"column":10},"end":{"line":99,"column":24}},{"start":{"line":100,"column":10},"end":{"line":100,"column":80}}],"line":99}},"s":{"0":0,"1":0,"2":0,"3":0,"4":0,"5":0,"6":0,"7":0,"8":0,"9":0,"10":0,"11":0,"12":0,"13":0,"14":0,"15":0,"16":0,"17":0,"18":0,"19":0,"20":0,"21":0,"22":0,"23":0,"24":0,"25":0,"26":0,"27":0,"28":0,"29":0,"30":0,"31":0,"32":0,"33":0},"f":{"0":0,"1":0,"2":0,"3":0,"4":0,"5":0},"b":{"0":[0,0],"1":[0,0],"2":[0,0],"3":[0,0],"4":[0,0],"5":[0,0],"6":[0,0],"7":[0,0]}}
,"C:\\Users\\Tringapps-User27\\Documents\\GitHub\\fraxioned_ui\\src\\Redux\\slice\\auth\\registerSlice.ts": {"path":"C:\\Users\\Tringapps-User27\\Documents\\GitHub\\fraxioned_ui\\src\\Redux\\slice\\auth\\registerSlice.ts","statementMap":{"0":{"start":{"line":16,"column":36},"end":{"line":25,"column":1}},"1":{"start":{"line":28,"column":28},"end":{"line":44,"column":1}},"2":{"start":{"line":31,"column":4},"end":{"line":42,"column":5}},"3":{"start":{"line":32,"column":23},"end":{"line":35,"column":7}},"4":{"start":{"line":36,"column":6},"end":{"line":36,"column":26}},"5":{"start":{"line":38,"column":6},"end":{"line":40,"column":7}},"6":{"start":{"line":39,"column":8},"end":{"line":39,"column":59}},"7":{"start":{"line":41,"column":6},"end":{"line":41,"column":70}},"8":{"start":{"line":46,"column":22},"end":{"line":110,"column":2}},"9":{"start":{"line":54,"column":6},"end":{"line":54,"column":40}},"10":{"start":{"line":55,"column":6},"end":{"line":55,"column":42}},"11":{"start":{"line":56,"column":6},"end":{"line":56,"column":40}},"12":{"start":{"line":57,"column":6},"end":{"line":57,"column":31}},"13":{"start":{"line":58,"column":6},"end":{"line":58,"column":24}},"14":{"start":{"line":61,"column":6},"end":{"line":61,"column":40}},"15":{"start":{"line":64,"column":6},"end":{"line":64,"column":34}},"16":{"start":{"line":65,"column":6},"end":{"line":65,"column":31}},"17":{"start":{"line":68,"column":6},"end":{"line":68,"column":24}},"18":{"start":{"line":74,"column":6},"end":{"line":74,"column":46}},"19":{"start":{"line":75,"column":6},"end":{"line":75,"column":40}},"20":{"start":{"line":76,"column":6},"end":{"line":76,"column":37}},"21":{"start":{"line":82,"column":6},"end":{"line":82,"column":49}},"22":{"start":{"line":83,"column":6},"end":{"line":83,"column":37}},"23":{"start":{"line":89,"column":6},"end":{"line":89,"column":47}},"24":{"start":{"line":90,"column":6},"end":{"line":90,"column":37}},"25":{"start":{"line":94,"column":4},"end":{"line":108,"column":8}},"26":{"start":{"line":96,"column":8},"end":{"line":96,"column":32}},"27":{"start":{"line":97,"column":8},"end":{"line":97,"column":26}},"28":{"start":{"line":100,"column":8},"end":{"line":100,"column":33}},"29":{"start":{"line":101,"column":8},"end":{"line":101,"column":42}},"30":{"start":{"line":102,"column":8},"end":{"line":102,"column":44}},"31":{"start":{"line":103,"column":8},"end":{"line":103,"column":42}},"32":{"start":{"line":106,"column":8},"end":{"line":106,"column":33}},"33":{"start":{"line":107,"column":8},"end":{"line":107,"column":46}},"34":{"start":{"line":120,"column":4},"end":{"line":120,"column":25}}},"fnMap":{"0":{"name":"(anonymous_0)","decl":{"start":{"line":30,"column":2},"end":{"line":30,"column":3}},"loc":{"start":{"line":30,"column":48},"end":{"line":43,"column":3}},"line":30},"1":{"name":"(anonymous_1)","decl":{"start":{"line":50,"column":20},"end":{"line":50,"column":21}},"loc":{"start":{"line":53,"column":9},"end":{"line":59,"column":5}},"line":53},"2":{"name":"(anonymous_2)","decl":{"start":{"line":60,"column":20},"end":{"line":60,"column":21}},"loc":{"start":{"line":60,"column":78},"end":{"line":62,"column":5}},"line":60},"3":{"name":"(anonymous_3)","decl":{"start":{"line":63,"column":14},"end":{"line":63,"column":15}},"loc":{"start":{"line":63,"column":71},"end":{"line":66,"column":5}},"line":63},"4":{"name":"(anonymous_4)","decl":{"start":{"line":67,"column":16},"end":{"line":67,"column":17}},"loc":{"start":{"line":67,"column":42},"end":{"line":69,"column":5}},"line":67},"5":{"name":"(anonymous_5)","decl":{"start":{"line":70,"column":26},"end":{"line":70,"column":27}},"loc":{"start":{"line":73,"column":9},"end":{"line":77,"column":5}},"line":73},"6":{"name":"(anonymous_6)","decl":{"start":{"line":78,"column":29},"end":{"line":78,"column":30}},"loc":{"start":{"line":81,"column":9},"end":{"line":84,"column":5}},"line":81},"7":{"name":"(anonymous_7)","decl":{"start":{"line":85,"column":27},"end":{"line":85,"column":28}},"loc":{"start":{"line":88,"column":9},"end":{"line":91,"column":5}},"line":88},"8":{"name":"(anonymous_8)","decl":{"start":{"line":93,"column":17},"end":{"line":93,"column":18}},"loc":{"start":{"line":93,"column":30},"end":{"line":109,"column":3}},"line":93},"9":{"name":"(anonymous_9)","decl":{"start":{"line":95,"column":37},"end":{"line":95,"column":38}},"loc":{"start":{"line":95,"column":48},"end":{"line":98,"column":7}},"line":95},"10":{"name":"(anonymous_10)","decl":{"start":{"line":99,"column":39},"end":{"line":99,"column":40}},"loc":{"start":{"line":99,"column":58},"end":{"line":104,"column":7}},"line":99},"11":{"name":"(anonymous_11)","decl":{"start":{"line":105,"column":38},"end":{"line":105,"column":39}},"loc":{"start":{"line":105,"column":57},"end":{"line":108,"column":7}},"line":105}},"branchMap":{"0":{"loc":{"start":{"line":38,"column":6},"end":{"line":40,"column":7}},"type":"if","locations":[{"start":{"line":38,"column":6},"end":{"line":40,"column":7}},{"start":{},"end":{}}],"line":38},"1":{"loc":{"start":{"line":38,"column":10},"end":{"line":38,"column":47}},"type":"binary-expr","locations":[{"start":{"line":38,"column":10},"end":{"line":38,"column":24}},{"start":{"line":38,"column":28},"end":{"line":38,"column":47}}],"line":38}},"s":{"0":0,"1":0,"2":0,"3":0,"4":0,"5":0,"6":0,"7":0,"8":0,"9":0,"10":0,"11":0,"12":0,"13":0,"14":0,"15":0,"16":0,"17":0,"18":0,"19":0,"20":0,"21":0,"22":0,"23":0,"24":0,"25":0,"26":0,"27":0,"28":0,"29":0,"30":0,"31":0,"32":0,"33":0,"34":0},"f":{"0":0,"1":0,"2":0,"3":0,"4":0,"5":0,"6":0,"7":0,"8":0,"9":0,"10":0,"11":0},"b":{"0":[0,0],"1":[0,0]}}
}
